{"meta": {"format": 3, "version": "7.10.4", "timestamp": "2025-12-07T23:17:40.677017", "branch_coverage": true, "show_contexts": false}, "files": {"src/chuk_term/__init__.py": {"executed_lines": [1, 3, 4, 5, 7, 9, 12], "summary": {"covered_lines": 5, "num_statements": 5, "percent_covered": 100.0, "percent_covered_display": "100", "missing_lines": 0, "excluded_lines": 2, "num_branches": 0, "num_partial_branches": 0, "covered_branches": 0, "missing_branches": 0}, "missing_lines": [], "excluded_lines": [9, 10], "executed_branches": [], "missing_branches": [], "functions": {"": {"executed_lines": [1, 3, 4, 5, 7, 9, 12], "summary": {"covered_lines": 5, "num_statements": 5, "percent_covered": 100.0, "percent_covered_display": "100", "missing_lines": 0, "excluded_lines": 2, "num_branches": 0, "num_partial_branches": 0, "covered_branches": 0, "missing_branches": 0}, "missing_lines": [], "excluded_lines": [9, 10], "executed_branches": [], "missing_branches": []}}, "classes": {"": {"executed_lines": [1, 3, 4, 5, 7, 9, 12], "summary": {"covered_lines": 5, "num_statements": 5, "percent_covered": 100.0, "percent_covered_display": "100", "missing_lines": 0, "excluded_lines": 2, "num_branches": 0, "num_partial_branches": 0, "covered_branches": 0, "missing_branches": 0}, "missing_lines": [], "excluded_lines": [9, 10], "executed_branches": [], "missing_branches": []}}}, "src/chuk_term/cli.py": {"executed_lines": [1, 3, 5, 7, 8, 17, 20, 21, 22, 23, 25, 28, 29, 30, 32, 33, 34, 35, 36, 37, 38, 39, 42, 43, 44, 45, 47, 48, 49, 51, 52, 53, 55, 56, 59, 60, 62, 64, 65, 67, 68, 69, 70, 71, 73, 74, 77, 79, 80, 81, 82, 83, 84, 85, 87, 88, 91, 92, 97, 99, 100, 102, 103, 106, 108, 109, 110, 111, 112, 113, 116], "summary": {"covered_lines": 69, "num_statements": 69, "percent_covered": 100.0, "percent_covered_display": "100", "missing_lines": 0, "excluded_lines": 2, "num_branches": 10, "num_partial_branches": 0, "covered_branches": 10, "missing_branches": 0}, "missing_lines": [], "excluded_lines": [116, 117], "executed_branches": [[33, -28], [33, 34], [47, 48], [47, 51], [55, -42], [55, 56], [67, 68], [67, 73], [99, 100], [99, 102]], "missing_branches": [], "functions": {"cli": {"executed_lines": [25], "summary": {"covered_lines": 1, "num_statements": 1, "percent_covered": 100.0, "percent_covered_display": "100", "missing_lines": 0, "excluded_lines": 0, "num_branches": 0, "num_partial_branches": 0, "covered_branches": 0, "missing_branches": 0}, "missing_lines": [], "excluded_lines": [], "executed_branches": [], "missing_branches": []}, "info": {"executed_lines": [32, 33, 34, 35, 36, 37, 38, 39], "summary": {"covered_lines": 8, "num_statements": 8, "percent_covered": 100.0, "percent_covered_display": "100", "missing_lines": 0, "excluded_lines": 0, "num_branches": 2, "num_partial_branches": 0, "covered_branches": 2, "missing_branches": 0}, "missing_lines": [], "excluded_lines": [], "executed_branches": [[33, -28], [33, 34]], "missing_branches": []}, "run": {"executed_lines": [47, 48, 49, 51, 52, 53, 55, 56], "summary": {"covered_lines": 8, "num_statements": 8, "percent_covered": 100.0, "percent_covered_display": "100", "missing_lines": 0, "excluded_lines": 0, "num_branches": 4, "num_partial_branches": 0, "covered_branches": 4, "missing_branches": 0}, "missing_lines": [], "excluded_lines": [], "executed_branches": [[47, 48], [47, 51], [55, -42], [55, 56]], "missing_branches": []}, "demo": {"executed_lines": [62, 64, 65, 67, 68, 69, 70, 71, 73, 74, 77, 79, 80, 81, 82, 83, 84, 85, 87, 88], "summary": {"covered_lines": 20, "num_statements": 20, "percent_covered": 100.0, "percent_covered_display": "100", "missing_lines": 0, "excluded_lines": 0, "num_branches": 2, "num_partial_branches": 0, "covered_branches": 2, "missing_branches": 0}, "missing_lines": [], "excluded_lines": [], "executed_branches": [[67, 68], [67, 73]], "missing_branches": []}, "test": {"executed_lines": [99, 100, 102, 103], "summary": {"covered_lines": 4, "num_statements": 4, "percent_covered": 100.0, "percent_covered_display": "100", "missing_lines": 0, "excluded_lines": 0, "num_branches": 2, "num_partial_branches": 0, "covered_branches": 2, "missing_branches": 0}, "missing_lines": [], "excluded_lines": [], "executed_branches": [[99, 100], [99, 102]], "missing_branches": []}, "main": {"executed_lines": [108, 109, 110, 111, 112, 113], "summary": {"covered_lines": 6, "num_statements": 6, "percent_covered": 100.0, "percent_covered_display": "100", "missing_lines": 0, "excluded_lines": 0, "num_branches": 0, "num_partial_branches": 0, "covered_branches": 0, "missing_branches": 0}, "missing_lines": [], "excluded_lines": [], "executed_branches": [], "missing_branches": []}, "": {"executed_lines": [1, 3, 5, 7, 8, 17, 20, 21, 22, 23, 28, 29, 30, 42, 43, 44, 45, 59, 60, 91, 92, 97, 106, 116], "summary": {"covered_lines": 22, "num_statements": 22, "percent_covered": 100.0, "percent_covered_display": "100", "missing_lines": 0, "excluded_lines": 2, "num_branches": 0, "num_partial_branches": 0, "covered_branches": 0, "missing_branches": 0}, "missing_lines": [], "excluded_lines": [116, 117], "executed_branches": [], "missing_branches": []}}, "classes": {"": {"executed_lines": [1, 3, 5, 7, 8, 17, 20, 21, 22, 23, 25, 28, 29, 30, 32, 33, 34, 35, 36, 37, 38, 39, 42, 43, 44, 45, 47, 48, 49, 51, 52, 53, 55, 56, 59, 60, 62, 64, 65, 67, 68, 69, 70, 71, 73, 74, 77, 79, 80, 81, 82, 83, 84, 85, 87, 88, 91, 92, 97, 99, 100, 102, 103, 106, 108, 109, 110, 111, 112, 113, 116], "summary": {"covered_lines": 69, "num_statements": 69, "percent_covered": 100.0, "percent_covered_display": "100", "missing_lines": 0, "excluded_lines": 2, "num_branches": 10, "num_partial_branches": 0, "covered_branches": 10, "missing_branches": 0}, "missing_lines": [], "excluded_lines": [116, 117], "executed_branches": [[33, -28], [33, 34], [47, 48], [47, 51], [55, -42], [55, 56], [67, 68], [67, 73], [99, 100], [99, 102]], "missing_branches": []}}}, "src/chuk_term/ui/__init__.py": {"executed_lines": [1, 15, 26, 37, 47, 67, 79, 85, 99, 101], "summary": {"covered_lines": 9, "num_statements": 9, "percent_covered": 100.0, "percent_covered_display": "100", "missing_lines": 0, "excluded_lines": 0, "num_branches": 0, "num_partial_branches": 0, "covered_branches": 0, "missing_branches": 0}, "missing_lines": [], "excluded_lines": [], "executed_branches": [], "missing_branches": [], "functions": {"": {"executed_lines": [1, 15, 26, 37, 47, 67, 79, 85, 99, 101], "summary": {"covered_lines": 9, "num_statements": 9, "percent_covered": 100.0, "percent_covered_display": "100", "missing_lines": 0, "excluded_lines": 0, "num_branches": 0, "num_partial_branches": 0, "covered_branches": 0, "missing_branches": 0}, "missing_lines": [], "excluded_lines": [], "executed_branches": [], "missing_branches": []}}, "classes": {"": {"executed_lines": [1, 15, 26, 37, 47, 67, 79, 85, 99, 101], "summary": {"covered_lines": 9, "num_statements": 9, "percent_covered": 100.0, "percent_covered_display": "100", "missing_lines": 0, "excluded_lines": 0, "num_branches": 0, "num_partial_branches": 0, "covered_branches": 0, "missing_branches": 0}, "missing_lines": [], "excluded_lines": [], "executed_branches": [], "missing_branches": []}}}, "src/chuk_term/ui/banners.py": {"executed_lines": [2, 7, 9, 11, 12, 14, 15, 17, 20, 21, 23, 25, 27, 29, 31, 34, 43, 46, 47, 48, 51, 54, 55, 56, 57, 58, 59, 60, 61, 64, 71, 72, 73, 75, 78, 90, 92, 93, 94, 95, 96, 99, 100, 101, 102, 103, 106, 107, 108, 109, 110, 111, 112, 113, 116, 123, 124, 125, 127, 130, 139, 142, 143, 144, 145, 146, 147, 148, 151, 152, 153, 154, 155, 156, 157, 158, 159, 162, 164, 165, 166, 168, 170, 171, 172, 174, 177, 186, 189, 190, 191, 192, 193, 194, 197, 198, 199, 200, 201, 202, 205, 206, 207, 209, 210, 212, 215, 224, 227, 228, 229, 230, 231, 232, 233, 234, 235, 238, 239, 240, 241, 242, 243, 244, 245, 246, 249, 251, 252, 254, 256, 257, 258, 259, 261, 263, 264, 265, 267, 270, 278, 281, 282, 283, 284, 285, 286, 289, 290, 291, 292, 293, 294, 297, 299, 300, 301, 302, 304, 306, 307, 308, 310, 313, 328, 330, 331, 332, 334, 336, 340, 342, 344, 345, 346, 347, 348, 349, 350, 351, 352, 353, 356, 357, 358], "summary": {"covered_lines": 183, "num_statements": 185, "percent_covered": 97.0479704797048, "percent_covered_display": "97", "missing_lines": 2, "excluded_lines": 0, "num_branches": 86, "num_partial_branches": 4, "covered_branches": 80, "missing_branches": 6}, "missing_lines": [49, 50], "excluded_lines": [], "executed_branches": [[46, 47], [46, 54], [48, 51], [54, 55], [54, 64], [57, 58], [57, 60], [93, 94], [93, 95], [95, 96], [95, 99], [99, 100], [99, 106], [101, 102], [101, 103], [106, 107], [106, 116], [109, 110], [109, 112], [142, 143], [142, 151], [145, 146], [151, 152], [151, 162], [155, 156], [155, 158], [164, 165], [164, 168], [189, 190], [189, 197], [191, 192], [191, 193], [197, 198], [197, 205], [199, 200], [199, 201], [209, 210], [209, 212], [227, 228], [227, 238], [229, 230], [229, 231], [231, 232], [231, 235], [233, 234], [233, 235], [238, 239], [238, 249], [240, 241], [240, 242], [242, 243], [242, 246], [244, 245], [244, 246], [251, 252], [251, 254], [256, 257], [256, 261], [258, 259], [258, 261], [281, 282], [281, 289], [283, 284], [284, 285], [284, 286], [289, 290], [289, 297], [291, 292], [292, 293], [292, 294], [299, 300], [299, 304], [301, 302], [301, 304], [330, 331], [330, 334], [344, 345], [344, 349], [349, 350], [349, 356]], "missing_branches": [[48, 49], [49, 50], [49, 51], [145, 148], [283, 286], [291, 294]], "functions": {"display_chat_banner": {"executed_lines": [43, 46, 47, 48, 51, 54, 55, 56, 57, 58, 59, 60, 61, 64, 71, 72, 73, 75], "summary": {"covered_lines": 18, "num_statements": 20, "percent_covered": 83.33333333333333, "percent_covered_display": "83", "missing_lines": 2, "excluded_lines": 0, "num_branches": 10, "num_partial_branches": 1, "covered_branches": 7, "missing_branches": 3}, "missing_lines": [49, 50], "excluded_lines": [], "executed_branches": [[46, 47], [46, 54], [48, 51], [54, 55], [54, 64], [57, 58], [57, 60]], "missing_branches": [[48, 49], [49, 50], [49, 51]]}, "display_interactive_banner": {"executed_lines": [90, 92, 93, 94, 95, 96, 99, 100, 101, 102, 103, 106, 107, 108, 109, 110, 111, 112, 113, 116, 123, 124, 125, 127], "summary": {"covered_lines": 24, "num_statements": 24, "percent_covered": 100.0, "percent_covered_display": "100", "missing_lines": 0, "excluded_lines": 0, "num_branches": 12, "num_partial_branches": 0, "covered_branches": 12, "missing_branches": 0}, "missing_lines": [], "excluded_lines": [], "executed_branches": [[93, 94], [93, 95], [95, 96], [95, 99], [99, 100], [99, 106], [101, 102], [101, 103], [106, 107], [106, 116], [109, 110], [109, 112]], "missing_branches": []}, "display_diagnostic_banner": {"executed_lines": [139, 142, 143, 144, 145, 146, 147, 148, 151, 152, 153, 154, 155, 156, 157, 158, 159, 162, 164, 165, 166, 168, 170, 171, 172, 174], "summary": {"covered_lines": 26, "num_statements": 26, "percent_covered": 97.22222222222223, "percent_covered_display": "97", "missing_lines": 0, "excluded_lines": 0, "num_branches": 10, "num_partial_branches": 1, "covered_branches": 9, "missing_branches": 1}, "missing_lines": [], "excluded_lines": [], "executed_branches": [[142, 143], [142, 151], [145, 146], [151, 152], [151, 162], [155, 156], [155, 158], [164, 165], [164, 168]], "missing_branches": [[145, 148]]}, "display_session_banner": {"executed_lines": [186, 189, 190, 191, 192, 193, 194, 197, 198, 199, 200, 201, 202, 205, 206, 207, 209, 210, 212], "summary": {"covered_lines": 19, "num_statements": 19, "percent_covered": 100.0, "percent_covered_display": "100", "missing_lines": 0, "excluded_lines": 0, "num_branches": 10, "num_partial_branches": 0, "covered_branches": 10, "missing_branches": 0}, "missing_lines": [], "excluded_lines": [], "executed_branches": [[189, 190], [189, 197], [191, 192], [191, 193], [197, 198], [197, 205], [199, 200], [199, 201], [209, 210], [209, 212]], "missing_branches": []}, "display_error_banner": {"executed_lines": [224, 227, 228, 229, 230, 231, 232, 233, 234, 235, 238, 239, 240, 241, 242, 243, 244, 245, 246, 249, 251, 252, 254, 256, 257, 258, 259, 261, 263, 264, 265, 267], "summary": {"covered_lines": 32, "num_statements": 32, "percent_covered": 100.0, "percent_covered_display": "100", "missing_lines": 0, "excluded_lines": 0, "num_branches": 22, "num_partial_branches": 0, "covered_branches": 22, "missing_branches": 0}, "missing_lines": [], "excluded_lines": [], "executed_branches": [[227, 228], [227, 238], [229, 230], [229, 231], [231, 232], [231, 235], [233, 234], [233, 235], [238, 239], [238, 249], [240, 241], [240, 242], [242, 243], [242, 246], [244, 245], [244, 246], [251, 252], [251, 254], [256, 257], [256, 261], [258, 259], [258, 261]], "missing_branches": []}, "display_success_banner": {"executed_lines": [278, 281, 282, 283, 284, 285, 286, 289, 290, 291, 292, 293, 294, 297, 299, 300, 301, 302, 304, 306, 307, 308, 310], "summary": {"covered_lines": 23, "num_statements": 23, "percent_covered": 94.87179487179488, "percent_covered_display": "95", "missing_lines": 0, "excluded_lines": 0, "num_branches": 16, "num_partial_branches": 2, "covered_branches": 14, "missing_branches": 2}, "missing_lines": [], "excluded_lines": [], "executed_branches": [[281, 282], [281, 289], [283, 284], [284, 285], [284, 286], [289, 290], [289, 297], [291, 292], [292, 293], [292, 294], [299, 300], [299, 304], [301, 302], [301, 304]], "missing_branches": [[283, 286], [291, 294]]}, "_build_banner_content": {"executed_lines": [328, 330, 331, 332, 334, 336], "summary": {"covered_lines": 6, "num_statements": 6, "percent_covered": 100.0, "percent_covered_display": "100", "missing_lines": 0, "excluded_lines": 0, "num_branches": 2, "num_partial_branches": 0, "covered_branches": 2, "missing_branches": 0}, "missing_lines": [], "excluded_lines": [], "executed_branches": [[330, 331], [330, 334]], "missing_branches": []}, "display_welcome_banner": {"executed_lines": [342, 344, 345, 346, 347, 348, 349, 350, 351, 352, 353, 356, 357, 358], "summary": {"covered_lines": 14, "num_statements": 14, "percent_covered": 100.0, "percent_covered_display": "100", "missing_lines": 0, "excluded_lines": 0, "num_branches": 4, "num_partial_branches": 0, "covered_branches": 4, "missing_branches": 0}, "missing_lines": [], "excluded_lines": [], "executed_branches": [[344, 345], [344, 349], [349, 350], [349, 356]], "missing_branches": []}, "": {"executed_lines": [2, 7, 9, 11, 12, 14, 15, 17, 20, 21, 23, 25, 27, 29, 31, 34, 78, 130, 177, 215, 270, 313, 340], "summary": {"covered_lines": 21, "num_statements": 21, "percent_covered": 100.0, "percent_covered_display": "100", "missing_lines": 0, "excluded_lines": 0, "num_branches": 0, "num_partial_branches": 0, "covered_branches": 0, "missing_branches": 0}, "missing_lines": [], "excluded_lines": [], "executed_branches": [], "missing_branches": []}}, "classes": {"BannerStyle": {"executed_lines": [], "summary": {"covered_lines": 0, "num_statements": 0, "percent_covered": 100.0, "percent_covered_display": "100", "missing_lines": 0, "excluded_lines": 0, "num_branches": 0, "num_partial_branches": 0, "covered_branches": 0, "missing_branches": 0}, "missing_lines": [], "excluded_lines": [], "executed_branches": [], "missing_branches": []}, "": {"executed_lines": [2, 7, 9, 11, 12, 14, 15, 17, 20, 21, 23, 25, 27, 29, 31, 34, 43, 46, 47, 48, 51, 54, 55, 56, 57, 58, 59, 60, 61, 64, 71, 72, 73, 75, 78, 90, 92, 93, 94, 95, 96, 99, 100, 101, 102, 103, 106, 107, 108, 109, 110, 111, 112, 113, 116, 123, 124, 125, 127, 130, 139, 142, 143, 144, 145, 146, 147, 148, 151, 152, 153, 154, 155, 156, 157, 158, 159, 162, 164, 165, 166, 168, 170, 171, 172, 174, 177, 186, 189, 190, 191, 192, 193, 194, 197, 198, 199, 200, 201, 202, 205, 206, 207, 209, 210, 212, 215, 224, 227, 228, 229, 230, 231, 232, 233, 234, 235, 238, 239, 240, 241, 242, 243, 244, 245, 246, 249, 251, 252, 254, 256, 257, 258, 259, 261, 263, 264, 265, 267, 270, 278, 281, 282, 283, 284, 285, 286, 289, 290, 291, 292, 293, 294, 297, 299, 300, 301, 302, 304, 306, 307, 308, 310, 313, 328, 330, 331, 332, 334, 336, 340, 342, 344, 345, 346, 347, 348, 349, 350, 351, 352, 353, 356, 357, 358], "summary": {"covered_lines": 183, "num_statements": 185, "percent_covered": 97.0479704797048, "percent_covered_display": "97", "missing_lines": 2, "excluded_lines": 0, "num_branches": 86, "num_partial_branches": 4, "covered_branches": 80, "missing_branches": 6}, "missing_lines": [49, 50], "excluded_lines": [], "executed_branches": [[46, 47], [46, 54], [48, 51], [54, 55], [54, 64], [57, 58], [57, 60], [93, 94], [93, 95], [95, 96], [95, 99], [99, 100], [99, 106], [101, 102], [101, 103], [106, 107], [106, 116], [109, 110], [109, 112], [142, 143], [142, 151], [145, 146], [151, 152], [151, 162], [155, 156], [155, 158], [164, 165], [164, 168], [189, 190], [189, 197], [191, 192], [191, 193], [197, 198], [197, 205], [199, 200], [199, 201], [209, 210], [209, 212], [227, 228], [227, 238], [229, 230], [229, 231], [231, 232], [231, 235], [233, 234], [233, 235], [238, 239], [238, 249], [240, 241], [240, 242], [242, 243], [242, 246], [244, 245], [244, 246], [251, 252], [251, 254], [256, 257], [256, 261], [258, 259], [258, 261], [281, 282], [281, 289], [283, 284], [284, 285], [284, 286], [289, 290], [289, 297], [291, 292], [292, 293], [292, 294], [299, 300], [299, 304], [301, 302], [301, 304], [330, 331], [330, 334], [344, 345], [344, 349], [349, 350], [349, 356]], "missing_branches": [[48, 49], [49, 50], [49, 51], [145, 148], [283, 286], [291, 294]]}}}, "src/chuk_term/ui/code.py": {"executed_lines": [2, 8, 10, 12, 13, 15, 18, 45, 47, 49, 50, 51, 53, 54, 55, 56, 57, 59, 61, 63, 64, 65, 67, 68, 69, 70, 72, 73, 75, 77, 81, 83, 84, 86, 87, 96, 99, 124, 126, 129, 130, 132, 136, 138, 139, 140, 142, 144, 145, 146, 147, 149, 151, 152, 154, 155, 156, 157, 158, 159, 160, 162, 166, 168, 171, 174, 190, 193, 196, 198, 199, 200, 201, 202, 203, 204, 205, 207, 208, 209, 210, 214, 215, 216, 221, 223, 224, 225, 226, 228, 229, 236, 237, 240, 242, 245, 262, 264, 266, 267, 269, 270, 274, 275, 277, 279, 281, 283, 284, 289, 293, 295, 296, 297, 298, 301, 302, 303, 304, 306, 307, 308, 310, 319, 320, 322, 324, 325, 328, 330, 333, 334, 335, 336, 339, 340, 341, 342, 345, 346, 347, 348, 350, 351, 353, 354, 355, 356, 363, 385, 387, 389, 390, 391, 393, 394, 395, 399, 400, 402, 403, 404, 406, 407, 409, 410, 413, 425, 427, 428, 429, 431, 433, 434, 436, 439, 451, 453, 454, 455, 456, 458, 459, 460, 463, 465, 466, 467, 470, 472, 473, 474, 475, 477, 478, 479, 481, 482, 485, 487, 488, 489, 490, 492, 493, 494, 496, 497, 500, 502, 503, 504, 505, 506, 508, 509, 510], "summary": {"covered_lines": 216, "num_statements": 234, "percent_covered": 90.65934065934066, "percent_covered_display": "91", "missing_lines": 18, "excluded_lines": 0, "num_branches": 130, "num_partial_branches": 10, "covered_branches": 114, "missing_branches": 16}, "missing_lines": [169, 217, 238, 271, 272, 273, 285, 286, 287, 311, 312, 313, 315, 316, 317, 358, 359, 360], "excluded_lines": [], "executed_branches": [[47, 49], [47, 61], [49, 50], [49, 53], [53, 54], [53, 59], [56, -18], [56, 57], [61, 63], [61, 81], [63, 64], [63, 67], [67, 68], [67, 77], [70, -18], [70, 72], [72, 73], [72, 75], [83, 84], [83, 86], [138, 139], [138, 142], [142, 144], [142, 149], [144, 145], [144, 147], [149, 151], [149, 166], [151, 152], [151, 154], [154, -99], [154, 155], [155, 156], [155, 157], [157, 158], [157, 159], [159, 160], [159, 162], [168, 171], [198, 199], [198, 207], [201, -174], [201, 202], [204, 201], [204, 205], [207, 208], [207, 221], [209, -174], [209, 210], [216, 209], [228, 229], [228, 242], [237, 240], [264, 266], [264, 279], [269, 270], [269, 324], [270, 274], [274, 275], [274, 277], [279, 281], [279, 293], [283, 284], [283, 324], [284, 289], [301, 302], [301, 322], [302, 303], [302, 306], [306, 307], [306, 310], [310, 319], [319, 320], [324, 325], [333, 334], [333, 339], [335, 336], [335, 339], [339, 340], [339, 345], [341, 342], [341, 345], [345, 346], [345, 350], [347, 348], [350, -328], [350, 351], [353, 354], [355, -328], [355, 356], [387, 389], [387, 399], [427, 428], [427, 433], [428, 429], [428, 431], [433, 434], [433, 436], [453, 454], [453, 458], [458, 459], [458, 463], [472, -470], [472, 473], [477, 478], [477, 481], [487, -485], [487, 488], [492, 493], [492, 496], [502, -500], [502, 503], [503, 504], [503, 508]], "missing_branches": [[168, 169], [216, 217], [237, 238], [270, 271], [272, 269], [272, 273], [284, 285], [286, 283], [286, 287], [310, 311], [319, 301], [324, -245], [347, 350], [353, 358], [359, -328], [359, 360]], "functions": {"display_code": {"executed_lines": [45, 47, 49, 50, 51, 53, 54, 55, 56, 57, 59, 61, 63, 64, 65, 67, 68, 69, 70, 72, 73, 75, 77, 81, 83, 84, 86, 87, 96], "summary": {"covered_lines": 29, "num_statements": 29, "percent_covered": 100.0, "percent_covered_display": "100", "missing_lines": 0, "excluded_lines": 0, "num_branches": 20, "num_partial_branches": 0, "covered_branches": 20, "missing_branches": 0}, "missing_lines": [], "excluded_lines": [], "executed_branches": [[47, 49], [47, 61], [49, 50], [49, 53], [53, 54], [53, 59], [56, -18], [56, 57], [61, 63], [61, 81], [63, 64], [63, 67], [67, 68], [67, 77], [70, -18], [70, 72], [72, 73], [72, 75], [83, 84], [83, 86]], "missing_branches": []}, "display_diff": {"executed_lines": [124, 126, 129, 130, 132, 136, 138, 139, 140, 142, 144, 145, 146, 147, 149, 151, 152, 154, 155, 156, 157, 158, 159, 160, 162, 166, 168, 171], "summary": {"covered_lines": 28, "num_statements": 29, "percent_covered": 95.91836734693878, "percent_covered_display": "96", "missing_lines": 1, "excluded_lines": 0, "num_branches": 20, "num_partial_branches": 1, "covered_branches": 19, "missing_branches": 1}, "missing_lines": [169], "excluded_lines": [], "executed_branches": [[138, 139], [138, 142], [142, 144], [142, 149], [144, 145], [144, 147], [149, 151], [149, 166], [151, 152], [151, 154], [154, -99], [154, 155], [155, 156], [155, 157], [157, 158], [157, 159], [159, 160], [159, 162], [168, 171]], "missing_branches": [[168, 169]]}, "display_code_review": {"executed_lines": [190, 193, 196, 198, 199, 200, 201, 202, 203, 204, 205, 207, 208, 209, 210, 214, 215, 216, 221, 223, 224, 225, 226, 228, 229, 236, 237, 240, 242], "summary": {"covered_lines": 29, "num_statements": 31, "percent_covered": 91.48936170212765, "percent_covered_display": "91", "missing_lines": 2, "excluded_lines": 0, "num_branches": 16, "num_partial_branches": 2, "covered_branches": 14, "missing_branches": 2}, "missing_lines": [217, 238], "excluded_lines": [], "executed_branches": [[198, 199], [198, 207], [201, -174], [201, 202], [204, 201], [204, 205], [207, 208], [207, 221], [209, -174], [209, 210], [216, 209], [228, 229], [228, 242], [237, 240]], "missing_branches": [[216, 217], [237, 238]]}, "display_code_analysis": {"executed_lines": [262, 264, 266, 267, 269, 270, 274, 275, 277, 279, 281, 283, 284, 289, 293, 295, 296, 297, 298, 301, 302, 303, 304, 306, 307, 308, 310, 319, 320, 322, 324, 325], "summary": {"covered_lines": 32, "num_statements": 44, "percent_covered": 71.62162162162163, "percent_covered_display": "72", "missing_lines": 12, "excluded_lines": 0, "num_branches": 30, "num_partial_branches": 5, "covered_branches": 21, "missing_branches": 9}, "missing_lines": [271, 272, 273, 285, 286, 287, 311, 312, 313, 315, 316, 317], "excluded_lines": [], "executed_branches": [[264, 266], [264, 279], [269, 270], [269, 324], [270, 274], [274, 275], [274, 277], [279, 281], [279, 293], [283, 284], [283, 324], [284, 289], [301, 302], [301, 322], [302, 303], [302, 306], [306, 307], [306, 310], [310, 319], [319, 320], [324, 325]], "missing_branches": [[270, 271], [272, 269], [272, 273], [284, 285], [286, 283], [286, 287], [310, 311], [319, 301], [324, -245]]}, "_show_recommendations": {"executed_lines": [330, 333, 334, 335, 336, 339, 340, 341, 342, 345, 346, 347, 348, 350, 351, 353, 354, 355, 356], "summary": {"covered_lines": 19, "num_statements": 22, "percent_covered": 83.33333333333333, "percent_covered_display": "83", "missing_lines": 3, "excluded_lines": 0, "num_branches": 20, "num_partial_branches": 2, "covered_branches": 16, "missing_branches": 4}, "missing_lines": [358, 359, 360], "excluded_lines": [], "executed_branches": [[333, 334], [333, 339], [335, 336], [335, 339], [339, 340], [339, 345], [341, 342], [341, 345], [345, 346], [345, 350], [347, 348], [350, -328], [350, 351], [353, 354], [355, -328], [355, 356]], "missing_branches": [[347, 350], [353, 358], [359, -328], [359, 360]]}, "display_side_by_side": {"executed_lines": [385, 387, 389, 390, 391, 393, 394, 395, 399, 400, 402, 403, 404, 406, 407, 409, 410], "summary": {"covered_lines": 17, "num_statements": 17, "percent_covered": 100.0, "percent_covered_display": "100", "missing_lines": 0, "excluded_lines": 0, "num_branches": 2, "num_partial_branches": 0, "covered_branches": 2, "missing_branches": 0}, "missing_lines": [], "excluded_lines": [], "executed_branches": [[387, 389], [387, 399]], "missing_branches": []}, "format_code_snippet": {"executed_lines": [425, 427, 428, 429, 431, 433, 434, 436], "summary": {"covered_lines": 8, "num_statements": 8, "percent_covered": 100.0, "percent_covered_display": "100", "missing_lines": 0, "excluded_lines": 0, "num_branches": 6, "num_partial_branches": 0, "covered_branches": 6, "missing_branches": 0}, "missing_lines": [], "excluded_lines": [], "executed_branches": [[427, 428], [427, 433], [428, 429], [428, 431], [433, 434], [433, 436]], "missing_branches": []}, "display_file_tree": {"executed_lines": [451, 453, 454, 455, 456, 458, 459, 460, 463, 465, 466, 467], "summary": {"covered_lines": 12, "num_statements": 12, "percent_covered": 100.0, "percent_covered_display": "100", "missing_lines": 0, "excluded_lines": 0, "num_branches": 4, "num_partial_branches": 0, "covered_branches": 4, "missing_branches": 0}, "missing_lines": [], "excluded_lines": [], "executed_branches": [[453, 454], [453, 458], [458, 459], [458, 463]], "missing_branches": []}, "_print_tree_minimal": {"executed_lines": [472, 473, 474, 475, 477, 478, 479, 481, 482], "summary": {"covered_lines": 9, "num_statements": 9, "percent_covered": 100.0, "percent_covered_display": "100", "missing_lines": 0, "excluded_lines": 0, "num_branches": 4, "num_partial_branches": 0, "covered_branches": 4, "missing_branches": 0}, "missing_lines": [], "excluded_lines": [], "executed_branches": [[472, -470], [472, 473], [477, 478], [477, 481]], "missing_branches": []}, "_print_tree_terminal": {"executed_lines": [487, 488, 489, 490, 492, 493, 494, 496, 497], "summary": {"covered_lines": 9, "num_statements": 9, "percent_covered": 100.0, "percent_covered_display": "100", "missing_lines": 0, "excluded_lines": 0, "num_branches": 4, "num_partial_branches": 0, "covered_branches": 4, "missing_branches": 0}, "missing_lines": [], "excluded_lines": [], "executed_branches": [[487, -485], [487, 488], [492, 493], [492, 496]], "missing_branches": []}, "_build_rich_tree": {"executed_lines": [502, 503, 504, 505, 506, 508, 509, 510], "summary": {"covered_lines": 8, "num_statements": 8, "percent_covered": 100.0, "percent_covered_display": "100", "missing_lines": 0, "excluded_lines": 0, "num_branches": 4, "num_partial_branches": 0, "covered_branches": 4, "missing_branches": 0}, "missing_lines": [], "excluded_lines": [], "executed_branches": [[502, -500], [502, 503], [503, 504], [503, 508]], "missing_branches": []}, "": {"executed_lines": [2, 8, 10, 12, 13, 15, 18, 99, 174, 245, 328, 363, 413, 439, 470, 485, 500], "summary": {"covered_lines": 16, "num_statements": 16, "percent_covered": 100.0, "percent_covered_display": "100", "missing_lines": 0, "excluded_lines": 0, "num_branches": 0, "num_partial_branches": 0, "covered_branches": 0, "missing_branches": 0}, "missing_lines": [], "excluded_lines": [], "executed_branches": [], "missing_branches": []}}, "classes": {"": {"executed_lines": [2, 8, 10, 12, 13, 15, 18, 45, 47, 49, 50, 51, 53, 54, 55, 56, 57, 59, 61, 63, 64, 65, 67, 68, 69, 70, 72, 73, 75, 77, 81, 83, 84, 86, 87, 96, 99, 124, 126, 129, 130, 132, 136, 138, 139, 140, 142, 144, 145, 146, 147, 149, 151, 152, 154, 155, 156, 157, 158, 159, 160, 162, 166, 168, 171, 174, 190, 193, 196, 198, 199, 200, 201, 202, 203, 204, 205, 207, 208, 209, 210, 214, 215, 216, 221, 223, 224, 225, 226, 228, 229, 236, 237, 240, 242, 245, 262, 264, 266, 267, 269, 270, 274, 275, 277, 279, 281, 283, 284, 289, 293, 295, 296, 297, 298, 301, 302, 303, 304, 306, 307, 308, 310, 319, 320, 322, 324, 325, 328, 330, 333, 334, 335, 336, 339, 340, 341, 342, 345, 346, 347, 348, 350, 351, 353, 354, 355, 356, 363, 385, 387, 389, 390, 391, 393, 394, 395, 399, 400, 402, 403, 404, 406, 407, 409, 410, 413, 425, 427, 428, 429, 431, 433, 434, 436, 439, 451, 453, 454, 455, 456, 458, 459, 460, 463, 465, 466, 467, 470, 472, 473, 474, 475, 477, 478, 479, 481, 482, 485, 487, 488, 489, 490, 492, 493, 494, 496, 497, 500, 502, 503, 504, 505, 506, 508, 509, 510], "summary": {"covered_lines": 216, "num_statements": 234, "percent_covered": 90.65934065934066, "percent_covered_display": "91", "missing_lines": 18, "excluded_lines": 0, "num_branches": 130, "num_partial_branches": 10, "covered_branches": 114, "missing_branches": 16}, "missing_lines": [169, 217, 238, 271, 272, 273, 285, 286, 287, 311, 312, 313, 315, 316, 317, 358, 359, 360], "excluded_lines": [], "executed_branches": [[47, 49], [47, 61], [49, 50], [49, 53], [53, 54], [53, 59], [56, -18], [56, 57], [61, 63], [61, 81], [63, 64], [63, 67], [67, 68], [67, 77], [70, -18], [70, 72], [72, 73], [72, 75], [83, 84], [83, 86], [138, 139], [138, 142], [142, 144], [142, 149], [144, 145], [144, 147], [149, 151], [149, 166], [151, 152], [151, 154], [154, -99], [154, 155], [155, 156], [155, 157], [157, 158], [157, 159], [159, 160], [159, 162], [168, 171], [198, 199], [198, 207], [201, -174], [201, 202], [204, 201], [204, 205], [207, 208], [207, 221], [209, -174], [209, 210], [216, 209], [228, 229], [228, 242], [237, 240], [264, 266], [264, 279], [269, 270], [269, 324], [270, 274], [274, 275], [274, 277], [279, 281], [279, 293], [283, 284], [283, 324], [284, 289], [301, 302], [301, 322], [302, 303], [302, 306], [306, 307], [306, 310], [310, 319], [319, 320], [324, 325], [333, 334], [333, 339], [335, 336], [335, 339], [339, 340], [339, 345], [341, 342], [341, 345], [345, 346], [345, 350], [347, 348], [350, -328], [350, 351], [353, 354], [355, -328], [355, 356], [387, 389], [387, 399], [427, 428], [427, 433], [428, 429], [428, 431], [433, 434], [433, 436], [453, 454], [453, 458], [458, 459], [458, 463], [472, -470], [472, 473], [477, 478], [477, 481], [487, -485], [487, 488], [492, 493], [492, 496], [502, -500], [502, 503], [503, 504], [503, 508]], "missing_branches": [[168, 169], [216, 217], [237, 238], [270, 271], [272, 269], [272, 273], [284, 285], [286, 283], [286, 287], [310, 311], [319, 301], [324, -245], [347, 350], [353, 358], [359, -328], [359, 360]]}}}, "src/chuk_term/ui/formatters.py": {"executed_lines": [2, 8, 10, 11, 12, 13, 15, 16, 17, 18, 19, 21, 24, 39, 42, 43, 45, 46, 48, 49, 50, 52, 53, 57, 59, 62, 64, 67, 68, 69, 70, 76, 79, 91, 94, 95, 97, 98, 101, 102, 103, 104, 108, 111, 112, 113, 118, 119, 121, 122, 124, 127, 128, 129, 130, 138, 157, 160, 161, 163, 164, 166, 167, 169, 170, 171, 172, 174, 203, 215, 217, 218, 227, 228, 229, 230, 233, 234, 241, 260, 262, 263, 264, 271, 274, 275, 276, 277, 278, 281, 282, 283, 286, 287, 288, 291, 292, 293, 294, 295, 297, 298, 316, 317, 318, 320, 321, 323, 343, 355, 358, 359, 360, 361, 362, 363, 366, 367, 368, 371, 375, 376, 377, 379, 380, 381, 382, 383, 385, 386, 387, 388, 392, 397, 399, 403, 404, 405, 406, 407, 409, 421, 436, 437, 439, 440, 442, 443, 444, 445, 446, 448, 451, 453, 454, 456, 458, 459, 460, 461, 462, 463, 464, 465, 467, 468, 471, 486, 488, 490, 494, 497, 498, 499, 500, 503], "summary": {"covered_lines": 175, "num_statements": 237, "percent_covered": 72.14484679665738, "percent_covered_display": "72", "missing_lines": 62, "excluded_lines": 0, "num_branches": 122, "num_partial_branches": 14, "covered_branches": 84, "missing_branches": 38}, "missing_lines": [54, 55, 65, 71, 72, 74, 105, 106, 115, 116, 131, 132, 134, 135, 177, 180, 181, 182, 185, 186, 187, 190, 191, 192, 195, 196, 197, 198, 200, 219, 220, 221, 222, 224, 236, 237, 238, 266, 267, 268, 326, 327, 328, 331, 332, 333, 336, 337, 338, 340, 389, 390, 394, 400, 401, 410, 411, 412, 413, 414, 416, 418], "excluded_lines": [], "executed_branches": [[42, 43], [42, 62], [45, 46], [45, 48], [48, 49], [48, 57], [64, 67], [67, 68], [94, 95], [94, 111], [101, 102], [101, 108], [111, 112], [121, 122], [127, 128], [160, 161], [163, 164], [163, 166], [166, 167], [166, 169], [169, 170], [169, 174], [171, 172], [171, 174], [227, 228], [227, 233], [228, 229], [228, 230], [233, 234], [262, 263], [262, 271], [263, 264], [274, 275], [276, 277], [276, 281], [282, 283], [282, 286], [292, 293], [292, 320], [294, 295], [294, 317], [297, 298], [320, 321], [320, 323], [358, 359], [358, 366], [360, 361], [360, 362], [375, 376], [375, 379], [379, 380], [379, 386], [380, -371], [380, 381], [381, 382], [381, 385], [386, 387], [387, -371], [387, 388], [388, 392], [399, 403], [403, 404], [404, -397], [404, 405], [405, 406], [405, 409], [436, 437], [436, 439], [439, 440], [439, 442], [443, 444], [443, 445], [445, 446], [445, 448], [458, 459], [458, 460], [460, 461], [460, 463], [463, 464], [463, 467], [497, 498], [497, 503], [498, 499], [498, 500]], "missing_branches": [[64, 65], [67, 74], [111, 115], [121, 124], [127, 134], [160, 177], [185, 186], [185, 190], [190, 191], [190, 195], [195, 196], [195, 200], [197, 198], [197, 200], [221, 222], [221, 224], [233, 236], [236, 237], [236, 238], [263, 266], [274, 326], [297, 316], [327, 328], [327, 331], [332, 333], [332, 336], [336, 337], [336, 340], [386, 394], [388, 389], [399, 400], [403, 410], [410, 411], [410, 418], [411, -397], [411, 412], [412, 413], [412, 416]], "functions": {"format_tool_call": {"executed_lines": [39, 42, 43, 45, 46, 48, 49, 50, 52, 53, 57, 59, 62, 64, 67, 68, 69, 70, 76], "summary": {"covered_lines": 19, "num_statements": 25, "percent_covered": 77.14285714285714, "percent_covered_display": "77", "missing_lines": 6, "excluded_lines": 0, "num_branches": 10, "num_partial_branches": 2, "covered_branches": 8, "missing_branches": 2}, "missing_lines": [54, 55, 65, 71, 72, 74], "excluded_lines": [], "executed_branches": [[42, 43], [42, 62], [45, 46], [45, 48], [48, 49], [48, 57], [64, 67], [67, 68]], "missing_branches": [[64, 65], [67, 74]]}, "format_tool_result": {"executed_lines": [91, 94, 95, 97, 98, 101, 102, 103, 104, 108, 111, 112, 113, 118, 119, 121, 122, 124, 127, 128, 129, 130], "summary": {"covered_lines": 22, "num_statements": 30, "percent_covered": 72.5, "percent_covered_display": "72", "missing_lines": 8, "excluded_lines": 0, "num_branches": 10, "num_partial_branches": 3, "covered_branches": 7, "missing_branches": 3}, "missing_lines": [105, 106, 115, 116, 131, 132, 134, 135], "excluded_lines": [], "executed_branches": [[94, 95], [94, 111], [101, 102], [101, 108], [111, 112], [121, 122], [127, 128]], "missing_branches": [[111, 115], [121, 124], [127, 134]]}, "format_error": {"executed_lines": [157, 160, 161, 163, 164, 166, 167, 169, 170, 171, 172, 174], "summary": {"covered_lines": 12, "num_statements": 27, "percent_covered": 46.666666666666664, "percent_covered_display": "47", "missing_lines": 15, "excluded_lines": 0, "num_branches": 18, "num_partial_branches": 1, "covered_branches": 9, "missing_branches": 9}, "missing_lines": [177, 180, 181, 182, 185, 186, 187, 190, 191, 192, 195, 196, 197, 198, 200], "excluded_lines": [], "executed_branches": [[160, 161], [163, 164], [163, 166], [166, 167], [166, 169], [169, 170], [169, 174], [171, 172], [171, 174]], "missing_branches": [[160, 177], [185, 186], [185, 190], [190, 191], [190, 195], [195, 196], [195, 200], [197, 198], [197, 200]]}, "format_json": {"executed_lines": [215, 217, 218, 227, 228, 229, 230, 233, 234], "summary": {"covered_lines": 9, "num_statements": 17, "percent_covered": 51.851851851851855, "percent_covered_display": "52", "missing_lines": 8, "excluded_lines": 0, "num_branches": 10, "num_partial_branches": 1, "covered_branches": 5, "missing_branches": 5}, "missing_lines": [219, 220, 221, 222, 224, 236, 237, 238], "excluded_lines": [], "executed_branches": [[227, 228], [227, 233], [228, 229], [228, 230], [233, 234]], "missing_branches": [[221, 222], [221, 224], [233, 236], [236, 237], [236, 238]]}, "format_table": {"executed_lines": [260, 262, 263, 264, 271, 274, 275, 276, 277, 278, 281, 282, 283, 286, 287, 288, 291, 292, 293, 294, 295, 297, 298, 316, 317, 318, 320, 321, 323], "summary": {"covered_lines": 29, "num_statements": 42, "percent_covered": 66.66666666666667, "percent_covered_display": "67", "missing_lines": 13, "excluded_lines": 0, "num_branches": 24, "num_partial_branches": 3, "covered_branches": 15, "missing_branches": 9}, "missing_lines": [266, 267, 268, 326, 327, 328, 331, 332, 333, 336, 337, 338, 340], "excluded_lines": [], "executed_branches": [[262, 263], [262, 271], [263, 264], [274, 275], [276, 277], [276, 281], [282, 283], [282, 286], [292, 293], [292, 320], [294, 295], [294, 317], [297, 298], [320, 321], [320, 323]], "missing_branches": [[263, 266], [274, 326], [297, 316], [327, 328], [327, 331], [332, 333], [332, 336], [336, 337], [336, 340]]}, "format_tree": {"executed_lines": [355, 358, 359, 360, 361, 362, 363, 366, 367, 368], "summary": {"covered_lines": 10, "num_statements": 10, "percent_covered": 100.0, "percent_covered_display": "100", "missing_lines": 0, "excluded_lines": 0, "num_branches": 4, "num_partial_branches": 0, "covered_branches": 4, "missing_branches": 0}, "missing_lines": [], "excluded_lines": [], "executed_branches": [[358, 359], [358, 366], [360, 361], [360, 362]], "missing_branches": []}, "_build_text_tree": {"executed_lines": [375, 376, 377, 379, 380, 381, 382, 383, 385, 386, 387, 388, 392], "summary": {"covered_lines": 13, "num_statements": 16, "percent_covered": 83.33333333333333, "percent_covered_display": "83", "missing_lines": 3, "excluded_lines": 0, "num_branches": 14, "num_partial_branches": 2, "covered_branches": 12, "missing_branches": 2}, "missing_lines": [389, 390, 394], "excluded_lines": [], "executed_branches": [[375, 376], [375, 379], [379, 380], [379, 386], [380, -371], [380, 381], [381, 382], [381, 385], [386, 387], [387, -371], [387, 388], [388, 392]], "missing_branches": [[386, 394], [388, 389]]}, "_build_tree": {"executed_lines": [399, 403, 404, 405, 406, 407, 409], "summary": {"covered_lines": 7, "num_statements": 16, "percent_covered": 43.333333333333336, "percent_covered_display": "43", "missing_lines": 9, "excluded_lines": 0, "num_branches": 14, "num_partial_branches": 2, "covered_branches": 6, "missing_branches": 8}, "missing_lines": [400, 401, 410, 411, 412, 413, 414, 416, 418], "excluded_lines": [], "executed_branches": [[399, 403], [403, 404], [404, -397], [404, 405], [405, 406], [405, 409]], "missing_branches": [[399, 400], [403, 410], [410, 411], [410, 418], [411, -397], [411, 412], [412, 413], [412, 416]]}, "format_timestamp": {"executed_lines": [436, 437, 439, 440, 442, 443, 444, 445, 446, 448], "summary": {"covered_lines": 10, "num_statements": 10, "percent_covered": 100.0, "percent_covered_display": "100", "missing_lines": 0, "excluded_lines": 0, "num_branches": 8, "num_partial_branches": 0, "covered_branches": 8, "missing_branches": 0}, "missing_lines": [], "excluded_lines": [], "executed_branches": [[436, 437], [436, 439], [439, 440], [439, 442], [443, 444], [443, 445], [445, 446], [445, 448]], "missing_branches": []}, "_format_relative_time": {"executed_lines": [453, 454, 456, 458, 459, 460, 461, 462, 463, 464, 465, 467, 468], "summary": {"covered_lines": 13, "num_statements": 13, "percent_covered": 100.0, "percent_covered_display": "100", "missing_lines": 0, "excluded_lines": 0, "num_branches": 6, "num_partial_branches": 0, "covered_branches": 6, "missing_branches": 0}, "missing_lines": [], "excluded_lines": [], "executed_branches": [[458, 459], [458, 460], [460, 461], [460, 463], [463, 464], [463, 467]], "missing_branches": []}, "format_diff": {"executed_lines": [486, 488, 490, 494, 497, 498, 499, 500, 503], "summary": {"covered_lines": 9, "num_statements": 9, "percent_covered": 100.0, "percent_covered_display": "100", "missing_lines": 0, "excluded_lines": 0, "num_branches": 4, "num_partial_branches": 0, "covered_branches": 4, "missing_branches": 0}, "missing_lines": [], "excluded_lines": [], "executed_branches": [[497, 498], [497, 503], [498, 499], [498, 500]], "missing_branches": []}, "": {"executed_lines": [2, 8, 10, 11, 12, 13, 15, 16, 17, 18, 19, 21, 24, 79, 138, 203, 241, 343, 371, 397, 421, 451, 471], "summary": {"covered_lines": 22, "num_statements": 22, "percent_covered": 100.0, "percent_covered_display": "100", "missing_lines": 0, "excluded_lines": 0, "num_branches": 0, "num_partial_branches": 0, "covered_branches": 0, "missing_branches": 0}, "missing_lines": [], "excluded_lines": [], "executed_branches": [], "missing_branches": []}}, "classes": {"": {"executed_lines": [2, 8, 10, 11, 12, 13, 15, 16, 17, 18, 19, 21, 24, 39, 42, 43, 45, 46, 48, 49, 50, 52, 53, 57, 59, 62, 64, 67, 68, 69, 70, 76, 79, 91, 94, 95, 97, 98, 101, 102, 103, 104, 108, 111, 112, 113, 118, 119, 121, 122, 124, 127, 128, 129, 130, 138, 157, 160, 161, 163, 164, 166, 167, 169, 170, 171, 172, 174, 203, 215, 217, 218, 227, 228, 229, 230, 233, 234, 241, 260, 262, 263, 264, 271, 274, 275, 276, 277, 278, 281, 282, 283, 286, 287, 288, 291, 292, 293, 294, 295, 297, 298, 316, 317, 318, 320, 321, 323, 343, 355, 358, 359, 360, 361, 362, 363, 366, 367, 368, 371, 375, 376, 377, 379, 380, 381, 382, 383, 385, 386, 387, 388, 392, 397, 399, 403, 404, 405, 406, 407, 409, 421, 436, 437, 439, 440, 442, 443, 444, 445, 446, 448, 451, 453, 454, 456, 458, 459, 460, 461, 462, 463, 464, 465, 467, 468, 471, 486, 488, 490, 494, 497, 498, 499, 500, 503], "summary": {"covered_lines": 175, "num_statements": 237, "percent_covered": 72.14484679665738, "percent_covered_display": "72", "missing_lines": 62, "excluded_lines": 0, "num_branches": 122, "num_partial_branches": 14, "covered_branches": 84, "missing_branches": 38}, "missing_lines": [54, 55, 65, 71, 72, 74, 105, 106, 115, 116, 131, 132, 134, 135, 177, 180, 181, 182, 185, 186, 187, 190, 191, 192, 195, 196, 197, 198, 200, 219, 220, 221, 222, 224, 236, 237, 238, 266, 267, 268, 326, 327, 328, 331, 332, 333, 336, 337, 338, 340, 389, 390, 394, 400, 401, 410, 411, 412, 413, 414, 416, 418], "excluded_lines": [], "executed_branches": [[42, 43], [42, 62], [45, 46], [45, 48], [48, 49], [48, 57], [64, 67], [67, 68], [94, 95], [94, 111], [101, 102], [101, 108], [111, 112], [121, 122], [127, 128], [160, 161], [163, 164], [163, 166], [166, 167], [166, 169], [169, 170], [169, 174], [171, 172], [171, 174], [227, 228], [227, 233], [228, 229], [228, 230], [233, 234], [262, 263], [262, 271], [263, 264], [274, 275], [276, 277], [276, 281], [282, 283], [282, 286], [292, 293], [292, 320], [294, 295], [294, 317], [297, 298], [320, 321], [320, 323], [358, 359], [358, 366], [360, 361], [360, 362], [375, 376], [375, 379], [379, 380], [379, 386], [380, -371], [380, 381], [381, 382], [381, 385], [386, 387], [387, -371], [387, 388], [388, 392], [399, 403], [403, 404], [404, -397], [404, 405], [405, 406], [405, 409], [436, 437], [436, 439], [439, 440], [439, 442], [443, 444], [443, 445], [445, 446], [445, 448], [458, 459], [458, 460], [460, 461], [460, 463], [463, 464], [463, 467], [497, 498], [497, 503], [498, 499], [498, 500]], "missing_branches": [[64, 65], [67, 74], [111, 115], [121, 124], [127, 134], [160, 177], [185, 186], [185, 190], [190, 191], [190, 195], [195, 196], [195, 200], [197, 198], [197, 200], [221, 222], [221, 224], [233, 236], [236, 237], [236, 238], [263, 266], [274, 326], [297, 316], [327, 328], [327, 331], [332, 333], [332, 336], [336, 337], [336, 340], [386, 394], [388, 389], [399, 400], [403, 410], [410, 411], [410, 418], [411, -397], [411, 412], [412, 413], [412, 416]]}}}, "src/chuk_term/ui/output.py": {"executed_lines": [2, 8, 10, 11, 12, 13, 14, 16, 17, 18, 19, 20, 21, 22, 24, 27, 28, 30, 31, 32, 33, 34, 35, 38, 39, 45, 47, 49, 50, 51, 53, 55, 57, 64, 71, 72, 73, 74, 75, 77, 80, 81, 82, 83, 84, 85, 87, 88, 89, 90, 92, 93, 94, 95, 97, 99, 100, 102, 110, 111, 113, 116, 117, 119, 121, 123, 127, 135, 136, 138, 139, 140, 141, 143, 144, 146, 147, 148, 149, 150, 152, 155, 157, 158, 160, 162, 163, 165, 167, 168, 173, 174, 175, 177, 179, 181, 183, 185, 186, 187, 189, 191, 192, 193, 194, 196, 198, 200, 202, 203, 204, 206, 208, 209, 210, 211, 213, 216, 220, 222, 223, 224, 226, 228, 229, 230, 231, 233, 236, 238, 239, 240, 242, 244, 245, 246, 247, 249, 252, 254, 255, 256, 258, 260, 261, 262, 263, 265, 268, 270, 272, 276, 277, 278, 279, 283, 285, 286, 287, 289, 290, 291, 293, 295, 296, 297, 299, 300, 302, 304, 305, 308, 310, 311, 312, 314, 316, 318, 319, 320, 322, 323, 327, 338, 340, 341, 343, 344, 345, 348, 349, 350, 352, 353, 354, 356, 357, 358, 360, 361, 362, 365, 366, 367, 368, 369, 370, 371, 372, 373, 377, 381, 382, 384, 386, 387, 389, 391, 393, 403, 405, 407, 408, 411, 413, 415, 417, 422, 424, 448, 457, 459, 460, 461, 462, 464, 465, 467, 469, 476, 483, 485, 486, 487, 488, 490, 491, 493, 495, 496, 500, 502, 504, 505, 507, 509, 511, 512, 520, 522, 524, 526, 527, 528, 530, 531, 533, 535, 536, 544, 546, 549, 553, 561, 563, 565, 566, 567, 569, 570, 572, 573, 574, 575, 576, 578, 579, 589, 591, 592, 600, 601, 603, 604, 605, 606, 608, 609, 611, 616, 627, 628, 630, 631, 632, 634, 639, 649, 650, 652, 654, 655, 656, 657, 659, 662, 664, 665, 668, 669, 670, 671, 672, 673, 674, 677, 679, 680, 682, 694, 695, 697, 698, 699, 701, 703, 715, 716, 718, 720, 729, 730, 733, 735, 736, 737, 738, 742, 743, 744, 748, 757, 758, 762, 763, 765, 766, 767, 769, 770, 771, 773, 775, 776, 777, 778, 780, 781, 782, 785, 788, 790, 791, 792, 797, 798, 800, 804, 806, 808, 810, 811, 813, 815, 816, 817, 819, 821, 823, 834, 836, 837, 838, 839, 841, 842, 844, 846, 847, 851, 862, 864, 865, 867, 868, 869, 871, 873, 875, 877, 883, 886, 889, 891, 892, 893, 897, 899, 902, 904, 907, 909, 912, 914, 917, 919, 922, 924, 927, 932, 934, 937, 939, 942, 944, 947, 949, 952, 954, 957, 959], "summary": {"covered_lines": 438, "num_statements": 491, "percent_covered": 85.219707057257, "percent_covered_display": "85", "missing_lines": 53, "excluded_lines": 0, "num_branches": 260, "num_partial_branches": 34, "covered_branches": 202, "missing_branches": 58}, "missing_lines": [154, 170, 217, 271, 274, 306, 375, 376, 410, 419, 427, 428, 430, 431, 433, 434, 436, 439, 441, 442, 444, 514, 516, 517, 518, 538, 540, 541, 542, 550, 551, 580, 582, 583, 584, 585, 586, 587, 594, 596, 597, 598, 658, 660, 675, 731, 740, 746, 759, 794, 795, 849, 929], "excluded_lines": [], "executed_branches": [[49, 50], [49, 51], [55, -53], [55, 57], [80, 81], [80, 85], [85, 87], [85, 92], [135, 136], [136, 138], [136, 163], [138, 139], [138, 141], [141, 143], [141, 144], [144, 146], [144, 155], [146, 147], [147, 148], [147, 149], [149, 150], [149, 152], [155, 157], [155, 158], [158, 160], [158, 162], [163, 165], [163, 173], [165, 167], [173, 174], [173, 177], [181, -179], [181, 183], [185, 186], [185, 187], [187, 189], [187, 191], [198, -196], [198, 200], [202, 203], [202, 204], [204, 206], [204, 208], [216, 220], [222, 223], [222, 224], [224, 226], [224, 228], [238, 239], [238, 240], [240, 242], [240, 244], [254, 255], [254, 256], [256, 258], [256, 260], [270, 272], [272, 276], [285, -283], [285, 286], [286, 287], [286, 289], [295, -293], [295, 296], [296, 297], [296, 299], [304, 305], [304, 310], [305, 308], [311, 312], [311, 314], [318, -316], [318, 319], [319, 320], [319, 322], [340, 341], [341, 343], [341, 358], [343, 344], [343, 348], [348, 349], [348, 350], [350, 352], [350, 353], [353, 354], [353, 356], [358, 360], [358, 381], [360, 361], [360, 365], [365, 366], [365, 368], [366, 367], [366, 377], [368, 369], [368, 371], [369, 370], [369, 377], [371, 372], [372, 373], [372, 377], [386, 387], [387, 389], [387, 391], [407, 408], [408, 411], [411, 413], [411, 422], [415, 417], [457, 459], [457, 469], [483, 485], [483, 495], [502, 504], [502, 505], [505, 507], [505, 509], [512, 520], [524, 526], [524, 528], [528, 530], [528, 533], [536, 544], [563, 565], [563, 576], [566, 567], [572, -561], [572, 573], [576, 578], [576, 589], [579, -561], [592, 600], [600, 601], [600, 611], [627, 628], [631, 632], [631, 634], [649, 650], [652, 654], [652, 668], [654, -639], [654, 655], [655, 656], [655, 657], [657, 659], [659, 662], [668, -639], [668, 669], [669, 670], [669, 671], [671, 672], [671, 674], [674, 677], [694, 695], [698, 699], [698, 701], [715, 716], [729, 730], [730, 733], [735, 736], [735, 742], [736, -720], [736, 737], [737, 738], [742, -720], [742, 743], [743, 744], [757, 758], [758, 762], [765, 766], [765, 769], [766, 767], [766, 769], [769, 770], [769, 773], [770, 769], [770, 771], [773, 775], [773, 785], [775, 776], [775, 780], [780, -748], [780, 781], [790, 791], [791, 792], [791, 797], [797, 798], [797, 800], [810, 811], [811, 813], [811, 821], [813, 815], [813, 819], [834, 836], [834, 844], [837, 838], [837, 839], [846, 847], [862, 864], [862, 871], [867, 868], [867, 869]], "missing_branches": [[135, -127], [146, 154], [165, 170], [216, 217], [270, 271], [272, 274], [305, 306], [340, -327], [371, 375], [375, 376], [375, 377], [386, -384], [407, -405], [408, 410], [415, 419], [427, -424], [427, 428], [428, -424], [428, 430], [431, 433], [431, 439], [433, 434], [433, 436], [439, 441], [439, 442], [442, 428], [442, 444], [512, 514], [517, 518], [517, 520], [536, 538], [541, 542], [541, 544], [566, -561], [579, 580], [584, -561], [584, 585], [592, 594], [597, 598], [597, 600], [627, -616], [649, -639], [657, 658], [659, 660], [674, 675], [694, -682], [715, -703], [729, -720], [730, 731], [737, 740], [743, 746], [757, -748], [758, 759], [790, 794], [794, 795], [794, 797], [810, -808], [846, 849]], "functions": {"Output.__new__": {"executed_lines": [49, 50, 51], "summary": {"covered_lines": 3, "num_statements": 3, "percent_covered": 100.0, "percent_covered_display": "100", "missing_lines": 0, "excluded_lines": 0, "num_branches": 2, "num_partial_branches": 0, "covered_branches": 2, "missing_branches": 0}, "missing_lines": [], "excluded_lines": [], "executed_branches": [[49, 50], [49, 51]], "missing_branches": []}, "Output.__init__": {"executed_lines": [55, 57, 64, 71, 72, 73, 74, 75], "summary": {"covered_lines": 8, "num_statements": 8, "percent_covered": 100.0, "percent_covered_display": "100", "missing_lines": 0, "excluded_lines": 0, "num_branches": 2, "num_partial_branches": 0, "covered_branches": 2, "missing_branches": 0}, "missing_lines": [], "excluded_lines": [], "executed_branches": [[55, -53], [55, 57]], "missing_branches": []}, "Output._update_console_for_theme": {"executed_lines": [80, 81, 82, 83, 84, 85, 87, 88, 89, 90, 92, 93, 94, 95], "summary": {"covered_lines": 14, "num_statements": 14, "percent_covered": 100.0, "percent_covered_display": "100", "missing_lines": 0, "excluded_lines": 0, "num_branches": 4, "num_partial_branches": 0, "covered_branches": 4, "missing_branches": 0}, "missing_lines": [], "excluded_lines": [], "executed_branches": [[80, 81], [80, 85], [85, 87], [85, 92]], "missing_branches": []}, "Output.set_theme": {"executed_lines": [99, 100], "summary": {"covered_lines": 2, "num_statements": 2, "percent_covered": 100.0, "percent_covered_display": "100", "missing_lines": 0, "excluded_lines": 0, "num_branches": 0, "num_partial_branches": 0, "covered_branches": 0, "missing_branches": 0}, "missing_lines": [], "excluded_lines": [], "executed_branches": [], "missing_branches": []}, "Output.set_output_mode": {"executed_lines": [110, 111], "summary": {"covered_lines": 2, "num_statements": 2, "percent_covered": 100.0, "percent_covered_display": "100", "missing_lines": 0, "excluded_lines": 0, "num_branches": 0, "num_partial_branches": 0, "covered_branches": 0, "missing_branches": 0}, "missing_lines": [], "excluded_lines": [], "executed_branches": [], "missing_branches": []}, "Output._strip_markup": {"executed_lines": [116, 117], "summary": {"covered_lines": 2, "num_statements": 2, "percent_covered": 100.0, "percent_covered_display": "100", "missing_lines": 0, "excluded_lines": 0, "num_branches": 0, "num_partial_branches": 0, "covered_branches": 0, "missing_branches": 0}, "missing_lines": [], "excluded_lines": [], "executed_branches": [], "missing_branches": []}, "Output._plain_print": {"executed_lines": [121, 123], "summary": {"covered_lines": 2, "num_statements": 2, "percent_covered": 100.0, "percent_covered_display": "100", "missing_lines": 0, "excluded_lines": 0, "num_branches": 0, "num_partial_branches": 0, "covered_branches": 0, "missing_branches": 0}, "missing_lines": [], "excluded_lines": [], "executed_branches": [], "missing_branches": []}, "Output.print": {"executed_lines": [135, 136, 138, 139, 140, 141, 143, 144, 146, 147, 148, 149, 150, 152, 155, 157, 158, 160, 162, 163, 165, 167, 168, 173, 174, 175, 177], "summary": {"covered_lines": 27, "num_statements": 29, "percent_covered": 90.9090909090909, "percent_covered_display": "91", "missing_lines": 2, "excluded_lines": 0, "num_branches": 26, "num_partial_branches": 3, "covered_branches": 23, "missing_branches": 3}, "missing_lines": [154, 170], "excluded_lines": [], "executed_branches": [[135, 136], [136, 138], [136, 163], [138, 139], [138, 141], [141, 143], [141, 144], [144, 146], [144, 155], [146, 147], [147, 148], [147, 149], [149, 150], [149, 152], [155, 157], [155, 158], [158, 160], [158, 162], [163, 165], [163, 173], [165, 167], [173, 174], [173, 177]], "missing_branches": [[135, -127], [146, 154], [165, 170]]}, "Output.debug": {"executed_lines": [181, 183, 185, 186, 187, 189, 191, 192, 193, 194], "summary": {"covered_lines": 10, "num_statements": 10, "percent_covered": 100.0, "percent_covered_display": "100", "missing_lines": 0, "excluded_lines": 0, "num_branches": 6, "num_partial_branches": 0, "covered_branches": 6, "missing_branches": 0}, "missing_lines": [], "excluded_lines": [], "executed_branches": [[181, -179], [181, 183], [185, 186], [185, 187], [187, 189], [187, 191]], "missing_branches": []}, "Output.info": {"executed_lines": [198, 200, 202, 203, 204, 206, 208, 209, 210, 211], "summary": {"covered_lines": 10, "num_statements": 10, "percent_covered": 100.0, "percent_covered_display": "100", "missing_lines": 0, "excluded_lines": 0, "num_branches": 6, "num_partial_branches": 0, "covered_branches": 6, "missing_branches": 0}, "missing_lines": [], "excluded_lines": [], "executed_branches": [[198, -196], [198, 200], [202, 203], [202, 204], [204, 206], [204, 208]], "missing_branches": []}, "Output.success": {"executed_lines": [216, 220, 222, 223, 224, 226, 228, 229, 230, 231], "summary": {"covered_lines": 10, "num_statements": 11, "percent_covered": 88.23529411764706, "percent_covered_display": "88", "missing_lines": 1, "excluded_lines": 0, "num_branches": 6, "num_partial_branches": 1, "covered_branches": 5, "missing_branches": 1}, "missing_lines": [217], "excluded_lines": [], "executed_branches": [[216, 220], [222, 223], [222, 224], [224, 226], [224, 228]], "missing_branches": [[216, 217]]}, "Output.warning": {"executed_lines": [236, 238, 239, 240, 242, 244, 245, 246, 247], "summary": {"covered_lines": 9, "num_statements": 9, "percent_covered": 100.0, "percent_covered_display": "100", "missing_lines": 0, "excluded_lines": 0, "num_branches": 4, "num_partial_branches": 0, "covered_branches": 4, "missing_branches": 0}, "missing_lines": [], "excluded_lines": [], "executed_branches": [[238, 239], [238, 240], [240, 242], [240, 244]], "missing_branches": []}, "Output.error": {"executed_lines": [252, 254, 255, 256, 258, 260, 261, 262, 263], "summary": {"covered_lines": 9, "num_statements": 9, "percent_covered": 100.0, "percent_covered_display": "100", "missing_lines": 0, "excluded_lines": 0, "num_branches": 4, "num_partial_branches": 0, "covered_branches": 4, "missing_branches": 0}, "missing_lines": [], "excluded_lines": [], "executed_branches": [[254, 255], [254, 256], [256, 258], [256, 260]], "missing_branches": []}, "Output.fatal": {"executed_lines": [268, 270, 272, 276, 277, 278, 279], "summary": {"covered_lines": 7, "num_statements": 9, "percent_covered": 69.23076923076923, "percent_covered_display": "69", "missing_lines": 2, "excluded_lines": 0, "num_branches": 4, "num_partial_branches": 2, "covered_branches": 2, "missing_branches": 2}, "missing_lines": [271, 274], "excluded_lines": [], "executed_branches": [[270, 272], [272, 276]], "missing_branches": [[270, 271], [272, 274]]}, "Output.tip": {"executed_lines": [285, 286, 287, 289, 290, 291], "summary": {"covered_lines": 6, "num_statements": 6, "percent_covered": 100.0, "percent_covered_display": "100", "missing_lines": 0, "excluded_lines": 0, "num_branches": 4, "num_partial_branches": 0, "covered_branches": 4, "missing_branches": 0}, "missing_lines": [], "excluded_lines": [], "executed_branches": [[285, -283], [285, 286], [286, 287], [286, 289]], "missing_branches": []}, "Output.hint": {"executed_lines": [295, 296, 297, 299, 300], "summary": {"covered_lines": 5, "num_statements": 5, "percent_covered": 100.0, "percent_covered_display": "100", "missing_lines": 0, "excluded_lines": 0, "num_branches": 4, "num_partial_branches": 0, "covered_branches": 4, "missing_branches": 0}, "missing_lines": [], "excluded_lines": [], "executed_branches": [[295, -293], [295, 296], [296, 297], [296, 299]], "missing_branches": []}, "Output.command": {"executed_lines": [304, 305, 308, 310, 311, 312, 314], "summary": {"covered_lines": 7, "num_statements": 8, "percent_covered": 85.71428571428571, "percent_covered_display": "86", "missing_lines": 1, "excluded_lines": 0, "num_branches": 6, "num_partial_branches": 1, "covered_branches": 5, "missing_branches": 1}, "missing_lines": [306], "excluded_lines": [], "executed_branches": [[304, 305], [304, 310], [305, 308], [311, 312], [311, 314]], "missing_branches": [[305, 306]]}, "Output.status": {"executed_lines": [318, 319, 320, 322, 323], "summary": {"covered_lines": 5, "num_statements": 5, "percent_covered": 100.0, "percent_covered_display": "100", "missing_lines": 0, "excluded_lines": 0, "num_branches": 4, "num_partial_branches": 0, "covered_branches": 4, "missing_branches": 0}, "missing_lines": [], "excluded_lines": [], "executed_branches": [[318, -316], [318, 319], [319, 320], [319, 322]], "missing_branches": []}, "Output.panel": {"executed_lines": [338, 340, 341, 343, 344, 345, 348, 349, 350, 352, 353, 354, 356, 357, 358, 360, 361, 362, 365, 366, 367, 368, 369, 370, 371, 372, 373, 377, 381, 382], "summary": {"covered_lines": 30, "num_statements": 32, "percent_covered": 90.3225806451613, "percent_covered_display": "90", "missing_lines": 2, "excluded_lines": 0, "num_branches": 30, "num_partial_branches": 2, "covered_branches": 26, "missing_branches": 4}, "missing_lines": [375, 376], "excluded_lines": [], "executed_branches": [[340, 341], [341, 343], [341, 358], [343, 344], [343, 348], [348, 349], [348, 350], [350, 352], [350, 353], [353, 354], [353, 356], [358, 360], [358, 381], [360, 361], [360, 365], [365, 366], [365, 368], [366, 367], [366, 377], [368, 369], [368, 371], [369, 370], [369, 377], [371, 372], [372, 373], [372, 377]], "missing_branches": [[340, -327], [371, 375], [375, 376], [375, 377]]}, "Output.markdown": {"executed_lines": [386, 387, 389, 391], "summary": {"covered_lines": 4, "num_statements": 4, "percent_covered": 87.5, "percent_covered_display": "88", "missing_lines": 0, "excluded_lines": 0, "num_branches": 4, "num_partial_branches": 1, "covered_branches": 3, "missing_branches": 1}, "missing_lines": [], "excluded_lines": [], "executed_branches": [[386, 387], [387, 389], [387, 391]], "missing_branches": [[386, -384]]}, "Output.table": {"executed_lines": [403], "summary": {"covered_lines": 1, "num_statements": 1, "percent_covered": 100.0, "percent_covered_display": "100", "missing_lines": 0, "excluded_lines": 0, "num_branches": 0, "num_partial_branches": 0, "covered_branches": 0, "missing_branches": 0}, "missing_lines": [], "excluded_lines": [], "executed_branches": [], "missing_branches": []}, "Output.print_table": {"executed_lines": [407, 408, 411, 413, 415, 417, 422], "summary": {"covered_lines": 7, "num_statements": 9, "percent_covered": 70.58823529411765, "percent_covered_display": "71", "missing_lines": 2, "excluded_lines": 0, "num_branches": 8, "num_partial_branches": 3, "covered_branches": 5, "missing_branches": 3}, "missing_lines": [410, 419], "excluded_lines": [], "executed_branches": [[407, 408], [408, 411], [411, 413], [411, 422], [415, 417]], "missing_branches": [[407, -405], [408, 410], [415, 419]]}, "Output._print_table_as_text": {"executed_lines": [], "summary": {"covered_lines": 0, "num_statements": 11, "percent_covered": 0.0, "percent_covered_display": "0", "missing_lines": 11, "excluded_lines": 0, "num_branches": 12, "num_partial_branches": 0, "covered_branches": 0, "missing_branches": 12}, "missing_lines": [427, 428, 430, 431, 433, 434, 436, 439, 441, 442, 444], "excluded_lines": [], "executed_branches": [], "missing_branches": [[427, -424], [427, 428], [428, -424], [428, 430], [431, 433], [431, 439], [433, 434], [433, 436], [439, 441], [439, 442], [442, 428], [442, 444]]}, "Output.progress": {"executed_lines": [457, 459, 460, 464, 467, 469], "summary": {"covered_lines": 6, "num_statements": 6, "percent_covered": 100.0, "percent_covered_display": "100", "missing_lines": 0, "excluded_lines": 0, "num_branches": 2, "num_partial_branches": 0, "covered_branches": 2, "missing_branches": 0}, "missing_lines": [], "excluded_lines": [], "executed_branches": [[457, 459], [457, 469]], "missing_branches": []}, "Output.progress.DummyProgress.__enter__": {"executed_lines": [461, 462], "summary": {"covered_lines": 2, "num_statements": 2, "percent_covered": 100.0, "percent_covered_display": "100", "missing_lines": 0, "excluded_lines": 0, "num_branches": 0, "num_partial_branches": 0, "covered_branches": 0, "missing_branches": 0}, "missing_lines": [], "excluded_lines": [], "executed_branches": [], "missing_branches": []}, "Output.progress.DummyProgress.__exit__": {"executed_lines": [465], "summary": {"covered_lines": 1, "num_statements": 1, "percent_covered": 100.0, "percent_covered_display": "100", "missing_lines": 0, "excluded_lines": 0, "num_branches": 0, "num_partial_branches": 0, "covered_branches": 0, "missing_branches": 0}, "missing_lines": [], "excluded_lines": [], "executed_branches": [], "missing_branches": []}, "Output.loading": {"executed_lines": [483, 485, 486, 490, 493, 495, 496], "summary": {"covered_lines": 7, "num_statements": 7, "percent_covered": 100.0, "percent_covered_display": "100", "missing_lines": 0, "excluded_lines": 0, "num_branches": 2, "num_partial_branches": 0, "covered_branches": 2, "missing_branches": 0}, "missing_lines": [], "excluded_lines": [], "executed_branches": [[483, 485], [483, 495]], "missing_branches": []}, "Output.loading.DummyLoading.__enter__": {"executed_lines": [487, 488], "summary": {"covered_lines": 2, "num_statements": 2, "percent_covered": 100.0, "percent_covered_display": "100", "missing_lines": 0, "excluded_lines": 0, "num_branches": 0, "num_partial_branches": 0, "covered_branches": 0, "missing_branches": 0}, "missing_lines": [], "excluded_lines": [], "executed_branches": [], "missing_branches": []}, "Output.loading.DummyLoading.__exit__": {"executed_lines": [491], "summary": {"covered_lines": 1, "num_statements": 1, "percent_covered": 100.0, "percent_covered_display": "100", "missing_lines": 0, "excluded_lines": 0, "num_branches": 0, "num_partial_branches": 0, "covered_branches": 0, "missing_branches": 0}, "missing_lines": [], "excluded_lines": [], "executed_branches": [], "missing_branches": []}, "Output.user_message": {"executed_lines": [502, 504, 505, 507, 509, 511, 512, 520], "summary": {"covered_lines": 8, "num_statements": 12, "percent_covered": 65.0, "percent_covered_display": "65", "missing_lines": 4, "excluded_lines": 0, "num_branches": 8, "num_partial_branches": 1, "covered_branches": 5, "missing_branches": 3}, "missing_lines": [514, 516, 517, 518], "excluded_lines": [], "executed_branches": [[502, 504], [502, 505], [505, 507], [505, 509], [512, 520]], "missing_branches": [[512, 514], [517, 518], [517, 520]]}, "Output.assistant_message": {"executed_lines": [524, 526, 527, 528, 530, 531, 533, 535, 536, 544, 546, 549, 553], "summary": {"covered_lines": 13, "num_statements": 19, "percent_covered": 66.66666666666667, "percent_covered_display": "67", "missing_lines": 6, "excluded_lines": 0, "num_branches": 8, "num_partial_branches": 1, "covered_branches": 5, "missing_branches": 3}, "missing_lines": [538, 540, 541, 542, 550, 551], "excluded_lines": [], "executed_branches": [[524, 526], [524, 528], [528, 530], [528, 533], [536, 544]], "missing_branches": [[536, 538], [541, 542], [541, 544]]}, "Output.tool_call": {"executed_lines": [563, 565, 566, 567, 569, 570, 572, 573, 574, 575, 576, 578, 579, 589, 591, 592, 600, 601, 603, 604, 605, 606, 608, 609, 611], "summary": {"covered_lines": 25, "num_statements": 36, "percent_covered": 66.66666666666667, "percent_covered_display": "67", "missing_lines": 11, "excluded_lines": 0, "num_branches": 18, "num_partial_branches": 3, "covered_branches": 11, "missing_branches": 7}, "missing_lines": [580, 582, 583, 584, 585, 586, 587, 594, 596, 597, 598], "excluded_lines": [], "executed_branches": [[563, 565], [563, 576], [566, 567], [572, -561], [572, 573], [576, 578], [576, 589], [579, -561], [592, 600], [600, 601], [600, 611]], "missing_branches": [[566, -561], [579, 580], [584, -561], [584, 585], [592, 594], [597, 598], [597, 600]]}, "Output.tree": {"executed_lines": [627, 628, 630, 631, 632, 634], "summary": {"covered_lines": 6, "num_statements": 6, "percent_covered": 90.0, "percent_covered_display": "90", "missing_lines": 0, "excluded_lines": 0, "num_branches": 4, "num_partial_branches": 1, "covered_branches": 3, "missing_branches": 1}, "missing_lines": [], "excluded_lines": [], "executed_branches": [[627, 628], [631, 632], [631, 634]], "missing_branches": [[627, -616]]}, "Output.list_items": {"executed_lines": [649, 650, 652, 654, 655, 656, 657, 659, 662, 664, 665, 668, 669, 670, 671, 672, 673, 674, 677, 679, 680], "summary": {"covered_lines": 21, "num_statements": 24, "percent_covered": 84.0909090909091, "percent_covered_display": "84", "missing_lines": 3, "excluded_lines": 0, "num_branches": 20, "num_partial_branches": 4, "covered_branches": 16, "missing_branches": 4}, "missing_lines": [658, 660, 675], "excluded_lines": [], "executed_branches": [[649, 650], [652, 654], [652, 668], [654, -639], [654, 655], [655, 656], [655, 657], [657, 659], [659, 662], [668, -639], [668, 669], [669, 670], [669, 671], [671, 672], [671, 674], [674, 677]], "missing_branches": [[649, -639], [657, 658], [659, 660], [674, 675]]}, "Output.json": {"executed_lines": [694, 695, 697, 698, 699, 701], "summary": {"covered_lines": 6, "num_statements": 6, "percent_covered": 90.0, "percent_covered_display": "90", "missing_lines": 0, "excluded_lines": 0, "num_branches": 4, "num_partial_branches": 1, "covered_branches": 3, "missing_branches": 1}, "missing_lines": [], "excluded_lines": [], "executed_branches": [[694, 695], [698, 699], [698, 701]], "missing_branches": [[694, -682]]}, "Output.code": {"executed_lines": [715, 716, 718], "summary": {"covered_lines": 3, "num_statements": 3, "percent_covered": 80.0, "percent_covered_display": "80", "missing_lines": 0, "excluded_lines": 0, "num_branches": 2, "num_partial_branches": 1, "covered_branches": 1, "missing_branches": 1}, "missing_lines": [], "excluded_lines": [], "executed_branches": [[715, 716]], "missing_branches": [[715, -703]]}, "Output.kvpairs": {"executed_lines": [729, 730, 733, 735, 736, 737, 738, 742, 743, 744], "summary": {"covered_lines": 10, "num_statements": 13, "percent_covered": 74.07407407407408, "percent_covered_display": "74", "missing_lines": 3, "excluded_lines": 0, "num_branches": 14, "num_partial_branches": 4, "covered_branches": 10, "missing_branches": 4}, "missing_lines": [731, 740, 746], "excluded_lines": [], "executed_branches": [[729, 730], [730, 733], [735, 736], [735, 742], [736, -720], [736, 737], [737, 738], [742, -720], [742, 743], [743, 744]], "missing_branches": [[729, -720], [730, 731], [737, 740], [743, 746]]}, "Output.columns": {"executed_lines": [757, 758, 762, 763, 765, 766, 767, 769, 770, 771, 773, 775, 776, 777, 778, 780, 781, 782, 785, 788, 790, 791, 792, 797, 798, 800], "summary": {"covered_lines": 26, "num_statements": 29, "percent_covered": 85.45454545454545, "percent_covered_display": "85", "missing_lines": 3, "excluded_lines": 0, "num_branches": 26, "num_partial_branches": 3, "covered_branches": 21, "missing_branches": 5}, "missing_lines": [759, 794, 795], "excluded_lines": [], "executed_branches": [[757, 758], [758, 762], [765, 766], [765, 769], [766, 767], [766, 769], [769, 770], [769, 773], [770, 769], [770, 771], [773, 775], [773, 785], [775, 776], [775, 780], [780, -748], [780, 781], [790, 791], [791, 792], [791, 797], [797, 798], [797, 800]], "missing_branches": [[757, -748], [758, 759], [790, 794], [794, 795], [794, 797]]}, "Output.clear": {"executed_lines": [806], "summary": {"covered_lines": 1, "num_statements": 1, "percent_covered": 100.0, "percent_covered_display": "100", "missing_lines": 0, "excluded_lines": 0, "num_branches": 0, "num_partial_branches": 0, "covered_branches": 0, "missing_branches": 0}, "missing_lines": [], "excluded_lines": [], "executed_branches": [], "missing_branches": []}, "Output.rule": {"executed_lines": [810, 811, 813, 815, 816, 817, 819, 821], "summary": {"covered_lines": 8, "num_statements": 8, "percent_covered": 92.85714285714286, "percent_covered_display": "93", "missing_lines": 0, "excluded_lines": 0, "num_branches": 6, "num_partial_branches": 1, "covered_branches": 5, "missing_branches": 1}, "missing_lines": [], "excluded_lines": [], "executed_branches": [[810, 811], [811, 813], [811, 821], [813, 815], [813, 819]], "missing_branches": [[810, -808]]}, "Output.prompt": {"executed_lines": [834, 836, 837, 838, 839, 841, 842, 844, 846, 847], "summary": {"covered_lines": 10, "num_statements": 11, "percent_covered": 88.23529411764706, "percent_covered_display": "88", "missing_lines": 1, "excluded_lines": 0, "num_branches": 6, "num_partial_branches": 1, "covered_branches": 5, "missing_branches": 1}, "missing_lines": [849], "excluded_lines": [], "executed_branches": [[834, 836], [834, 844], [837, 838], [837, 839], [846, 847]], "missing_branches": [[846, 849]]}, "Output.confirm": {"executed_lines": [862, 864, 865, 867, 868, 869, 871, 873], "summary": {"covered_lines": 8, "num_statements": 8, "percent_covered": 100.0, "percent_covered_display": "100", "missing_lines": 0, "excluded_lines": 0, "num_branches": 4, "num_partial_branches": 0, "covered_branches": 4, "missing_branches": 0}, "missing_lines": [], "excluded_lines": [], "executed_branches": [[862, 864], [862, 871], [867, 868], [867, 869]], "missing_branches": []}, "Output.get_raw_console": {"executed_lines": [877], "summary": {"covered_lines": 1, "num_statements": 1, "percent_covered": 100.0, "percent_covered_display": "100", "missing_lines": 0, "excluded_lines": 0, "num_branches": 0, "num_partial_branches": 0, "covered_branches": 0, "missing_branches": 0}, "missing_lines": [], "excluded_lines": [], "executed_branches": [], "missing_branches": []}, "get_output": {"executed_lines": [889, 891, 892, 893], "summary": {"covered_lines": 4, "num_statements": 4, "percent_covered": 100.0, "percent_covered_display": "100", "missing_lines": 0, "excluded_lines": 0, "num_branches": 0, "num_partial_branches": 0, "covered_branches": 0, "missing_branches": 0}, "missing_lines": [], "excluded_lines": [], "executed_branches": [], "missing_branches": []}, "print": {"executed_lines": [899], "summary": {"covered_lines": 1, "num_statements": 1, "percent_covered": 100.0, "percent_covered_display": "100", "missing_lines": 0, "excluded_lines": 0, "num_branches": 0, "num_partial_branches": 0, "covered_branches": 0, "missing_branches": 0}, "missing_lines": [], "excluded_lines": [], "executed_branches": [], "missing_branches": []}, "debug": {"executed_lines": [904], "summary": {"covered_lines": 1, "num_statements": 1, "percent_covered": 100.0, "percent_covered_display": "100", "missing_lines": 0, "excluded_lines": 0, "num_branches": 0, "num_partial_branches": 0, "covered_branches": 0, "missing_branches": 0}, "missing_lines": [], "excluded_lines": [], "executed_branches": [], "missing_branches": []}, "info": {"executed_lines": [909], "summary": {"covered_lines": 1, "num_statements": 1, "percent_covered": 100.0, "percent_covered_display": "100", "missing_lines": 0, "excluded_lines": 0, "num_branches": 0, "num_partial_branches": 0, "covered_branches": 0, "missing_branches": 0}, "missing_lines": [], "excluded_lines": [], "executed_branches": [], "missing_branches": []}, "success": {"executed_lines": [914], "summary": {"covered_lines": 1, "num_statements": 1, "percent_covered": 100.0, "percent_covered_display": "100", "missing_lines": 0, "excluded_lines": 0, "num_branches": 0, "num_partial_branches": 0, "covered_branches": 0, "missing_branches": 0}, "missing_lines": [], "excluded_lines": [], "executed_branches": [], "missing_branches": []}, "warning": {"executed_lines": [919], "summary": {"covered_lines": 1, "num_statements": 1, "percent_covered": 100.0, "percent_covered_display": "100", "missing_lines": 0, "excluded_lines": 0, "num_branches": 0, "num_partial_branches": 0, "covered_branches": 0, "missing_branches": 0}, "missing_lines": [], "excluded_lines": [], "executed_branches": [], "missing_branches": []}, "error": {"executed_lines": [924], "summary": {"covered_lines": 1, "num_statements": 1, "percent_covered": 100.0, "percent_covered_display": "100", "missing_lines": 0, "excluded_lines": 0, "num_branches": 0, "num_partial_branches": 0, "covered_branches": 0, "missing_branches": 0}, "missing_lines": [], "excluded_lines": [], "executed_branches": [], "missing_branches": []}, "fatal": {"executed_lines": [], "summary": {"covered_lines": 0, "num_statements": 1, "percent_covered": 0.0, "percent_covered_display": "0", "missing_lines": 1, "excluded_lines": 0, "num_branches": 0, "num_partial_branches": 0, "covered_branches": 0, "missing_branches": 0}, "missing_lines": [929], "excluded_lines": [], "executed_branches": [], "missing_branches": []}, "tip": {"executed_lines": [934], "summary": {"covered_lines": 1, "num_statements": 1, "percent_covered": 100.0, "percent_covered_display": "100", "missing_lines": 0, "excluded_lines": 0, "num_branches": 0, "num_partial_branches": 0, "covered_branches": 0, "missing_branches": 0}, "missing_lines": [], "excluded_lines": [], "executed_branches": [], "missing_branches": []}, "hint": {"executed_lines": [939], "summary": {"covered_lines": 1, "num_statements": 1, "percent_covered": 100.0, "percent_covered_display": "100", "missing_lines": 0, "excluded_lines": 0, "num_branches": 0, "num_partial_branches": 0, "covered_branches": 0, "missing_branches": 0}, "missing_lines": [], "excluded_lines": [], "executed_branches": [], "missing_branches": []}, "status": {"executed_lines": [944], "summary": {"covered_lines": 1, "num_statements": 1, "percent_covered": 100.0, "percent_covered_display": "100", "missing_lines": 0, "excluded_lines": 0, "num_branches": 0, "num_partial_branches": 0, "covered_branches": 0, "missing_branches": 0}, "missing_lines": [], "excluded_lines": [], "executed_branches": [], "missing_branches": []}, "command": {"executed_lines": [949], "summary": {"covered_lines": 1, "num_statements": 1, "percent_covered": 100.0, "percent_covered_display": "100", "missing_lines": 0, "excluded_lines": 0, "num_branches": 0, "num_partial_branches": 0, "covered_branches": 0, "missing_branches": 0}, "missing_lines": [], "excluded_lines": [], "executed_branches": [], "missing_branches": []}, "clear": {"executed_lines": [954], "summary": {"covered_lines": 1, "num_statements": 1, "percent_covered": 100.0, "percent_covered_display": "100", "missing_lines": 0, "excluded_lines": 0, "num_branches": 0, "num_partial_branches": 0, "covered_branches": 0, "missing_branches": 0}, "missing_lines": [], "excluded_lines": [], "executed_branches": [], "missing_branches": []}, "rule": {"executed_lines": [959], "summary": {"covered_lines": 1, "num_statements": 1, "percent_covered": 100.0, "percent_covered_display": "100", "missing_lines": 0, "excluded_lines": 0, "num_branches": 0, "num_partial_branches": 0, "covered_branches": 0, "missing_branches": 0}, "missing_lines": [], "excluded_lines": [], "executed_branches": [], "missing_branches": []}, "": {"executed_lines": [2, 8, 10, 11, 12, 13, 14, 16, 17, 18, 19, 20, 21, 22, 24, 27, 28, 30, 31, 32, 33, 34, 35, 38, 39, 45, 47, 53, 77, 97, 102, 113, 119, 127, 179, 196, 213, 233, 249, 265, 283, 293, 302, 316, 327, 384, 393, 405, 424, 448, 476, 500, 522, 561, 616, 639, 682, 703, 720, 748, 804, 808, 823, 851, 875, 883, 886, 897, 902, 907, 912, 917, 922, 927, 932, 937, 942, 947, 952, 957], "summary": {"covered_lines": 77, "num_statements": 77, "percent_covered": 100.0, "percent_covered_display": "100", "missing_lines": 0, "excluded_lines": 0, "num_branches": 0, "num_partial_branches": 0, "covered_branches": 0, "missing_branches": 0}, "missing_lines": [], "excluded_lines": [], "executed_branches": [], "missing_branches": []}}, "classes": {"OutputLevel": {"executed_lines": [], "summary": {"covered_lines": 0, "num_statements": 0, "percent_covered": 100.0, "percent_covered_display": "100", "missing_lines": 0, "excluded_lines": 0, "num_branches": 0, "num_partial_branches": 0, "covered_branches": 0, "missing_branches": 0}, "missing_lines": [], "excluded_lines": [], "executed_branches": [], "missing_branches": []}, "Output": {"executed_lines": [49, 50, 51, 55, 57, 64, 71, 72, 73, 74, 75, 80, 81, 82, 83, 84, 85, 87, 88, 89, 90, 92, 93, 94, 95, 99, 100, 110, 111, 116, 117, 121, 123, 135, 136, 138, 139, 140, 141, 143, 144, 146, 147, 148, 149, 150, 152, 155, 157, 158, 160, 162, 163, 165, 167, 168, 173, 174, 175, 177, 181, 183, 185, 186, 187, 189, 191, 192, 193, 194, 198, 200, 202, 203, 204, 206, 208, 209, 210, 211, 216, 220, 222, 223, 224, 226, 228, 229, 230, 231, 236, 238, 239, 240, 242, 244, 245, 246, 247, 252, 254, 255, 256, 258, 260, 261, 262, 263, 268, 270, 272, 276, 277, 278, 279, 285, 286, 287, 289, 290, 291, 295, 296, 297, 299, 300, 304, 305, 308, 310, 311, 312, 314, 318, 319, 320, 322, 323, 338, 340, 341, 343, 344, 345, 348, 349, 350, 352, 353, 354, 356, 357, 358, 360, 361, 362, 365, 366, 367, 368, 369, 370, 371, 372, 373, 377, 381, 382, 386, 387, 389, 391, 403, 407, 408, 411, 413, 415, 417, 422, 457, 459, 460, 464, 467, 469, 483, 485, 486, 490, 493, 495, 496, 502, 504, 505, 507, 509, 511, 512, 520, 524, 526, 527, 528, 530, 531, 533, 535, 536, 544, 546, 549, 553, 563, 565, 566, 567, 569, 570, 572, 573, 574, 575, 576, 578, 579, 589, 591, 592, 600, 601, 603, 604, 605, 606, 608, 609, 611, 627, 628, 630, 631, 632, 634, 649, 650, 652, 654, 655, 656, 657, 659, 662, 664, 665, 668, 669, 670, 671, 672, 673, 674, 677, 679, 680, 694, 695, 697, 698, 699, 701, 715, 716, 718, 729, 730, 733, 735, 736, 737, 738, 742, 743, 744, 757, 758, 762, 763, 765, 766, 767, 769, 770, 771, 773, 775, 776, 777, 778, 780, 781, 782, 785, 788, 790, 791, 792, 797, 798, 800, 806, 810, 811, 813, 815, 816, 817, 819, 821, 834, 836, 837, 838, 839, 841, 842, 844, 846, 847, 862, 864, 865, 867, 868, 869, 871, 873, 877], "summary": {"covered_lines": 339, "num_statements": 391, "percent_covered": 83.10291858678956, "percent_covered_display": "83", "missing_lines": 52, "excluded_lines": 0, "num_branches": 260, "num_partial_branches": 34, "c
[...]
, "excluded_lines": [], "executed_branches": [], "missing_branches": []}, "alternate_screen": {"executed_lines": [501, 502], "summary": {"covered_lines": 2, "num_statements": 2, "percent_covered": 100.0, "percent_covered_display": "100", "missing_lines": 0, "excluded_lines": 0, "num_branches": 0, "num_partial_branches": 0, "covered_branches": 0, "missing_branches": 0}, "missing_lines": [], "excluded_lines": [], "executed_branches": [], "missing_branches": []}, "": {"executed_lines": [2, 7, 9, 10, 11, 12, 13, 14, 15, 17, 20, 21, 23, 24, 31, 32, 40, 41, 56, 57, 109, 110, 124, 125, 129, 130, 145, 146, 152, 153, 159, 160, 166, 167, 173, 174, 180, 181, 187, 188, 194, 195, 224, 225, 234, 235, 244, 245, 246, 265, 266, 273, 274, 299, 300, 306, 307, 311, 312, 317, 318, 336, 337, 341, 342, 346, 347, 351, 352, 356, 357, 384, 385, 406, 411, 416, 421, 426, 432, 437, 442, 447, 452, 457, 462, 467, 472, 477, 493, 498, 499], "summary": {"covered_lines": 89, "num_statements": 89, "percent_covered": 100.0, "percent_covered_display": "100", "missing_lines": 0, "excluded_lines": 0, "num_branches": 0, "num_partial_branches": 0, "covered_branches": 0, "missing_branches": 0}, "missing_lines": [], "excluded_lines": [], "executed_branches": [], "missing_branches": []}}, "classes": {"TerminalManager": {"executed_lines": [26, 27, 29, 34, 35, 36, 37, 38, 48, 51, 54, 59, 61, 62, 63, 64, 66, 67, 68, 69, 71, 73, 74, 78, 80, 81, 84, 86, 87, 90, 91, 92, 95, 96, 97, 98, 101, 102, 103, 104, 106, 107, 117, 118, 120, 121, 122, 127, 137, 138, 140, 141, 148, 149, 150, 155, 156, 157, 162, 163, 164, 169, 170, 171, 176, 177, 178, 183, 184, 185, 190, 191, 192, 204, 205, 207, 209, 210, 211, 212, 215, 216, 219, 220, 230, 231, 232, 240, 241, 242, 255, 256, 257, 258, 260, 261, 268, 269, 287, 288, 291, 292, 294, 297, 302, 309, 314, 315, 325, 326, 327, 328, 329, 330, 332, 339, 344, 349, 354, 364, 366, 394, 397, 398, 399, 401, 402], "summary": {"covered_lines": 127, "num_statements": 127, "percent_covered": 100.0, "percent_covered_display": "100", "missing_lines": 0, "excluded_lines": 0, "num_branches": 52, "num_partial_branches": 0, "covered_branches": 52, "missing_branches": 0}, "missing_lines": [], "excluded_lines": [], "executed_branches": [[26, 27], [26, 29], [34, -31], [34, 35], [73, 74], [73, 78], [78, -56], [78, 80], [86, 87], [86, 90], [90, 91], [90, 95], [137, 138], [137, 140], [148, -145], [148, 149], [155, -152], [155, 156], [162, -159], [162, 163], [169, -166], [169, 170], [176, -173], [176, 177], [183, -180], [183, 184], [190, -187], [190, 191], [204, 205], [204, 207], [207, -194], [207, 209], [209, 210], [209, 215], [211, 209], [211, 212], [215, 216], [215, 219], [230, -224], [230, 231], [240, -234], [240, 241], [287, 288], [287, 291], [292, 294], [292, 297], [325, 326], [325, 327], [327, 328], [327, 329], [329, 330], [329, 332]], "missing_branches": []}, "": {"executed_lines": [2, 7, 9, 10, 11, 12, 13, 14, 15, 17, 20, 21, 23, 24, 31, 32, 40, 41, 56, 57, 109, 110, 124, 125, 129, 130, 145, 146, 152, 153, 159, 160, 166, 167, 173, 174, 180, 181, 187, 188, 194, 195, 224, 225, 234, 235, 244, 245, 246, 265, 266, 273, 274, 299, 300, 306, 307, 311, 312, 317, 318, 336, 337, 341, 342, 346, 347, 351, 352, 356, 357, 384, 385, 406, 408, 411, 413, 416, 418, 421, 423, 426, 428, 432, 434, 437, 439, 442, 444, 447, 449, 452, 457, 462, 467, 472, 477, 490, 493, 495, 498, 499, 501, 502], "summary": {"covered_lines": 102, "num_statements": 107, "percent_covered": 95.32710280373831, "percent_covered_display": "95", "missing_lines": 5, "excluded_lines": 0, "num_branches": 0, "num_partial_branches": 0, "covered_branches": 0, "missing_branches": 0}, "missing_lines": [454, 459, 464, 469, 474], "excluded_lines": [], "executed_branches": [], "missing_branches": []}}}, "src/chuk_term/ui/theme.py": {"executed_lines": [2, 8, 10, 13, 14, 15, 18, 19, 20, 21, 22, 25, 26, 27, 28, 31, 32, 33, 36, 37, 38, 39, 42, 43, 44, 45, 48, 49, 50, 53, 54, 55, 58, 59, 60, 61, 62, 65, 66, 67, 70, 71, 72, 73, 74, 77, 78, 79, 82, 83, 84, 85, 86, 89, 90, 94, 101, 102, 103, 104, 106, 116, 117, 118, 119, 120, 121, 122, 123, 125, 127, 137, 138, 140, 142, 156, 157, 158, 161, 162, 163, 164, 166, 168, 169, 170, 172, 186, 187, 189, 191, 193, 195, 197, 199, 201, 203, 205, 216, 218, 248, 251, 252, 254, 255, 267, 268, 270, 271, 284, 285, 287, 288, 312, 313, 315, 316, 338, 339, 340, 343, 344, 345, 346, 347, 350, 351, 352, 355, 356, 357, 358, 359, 362, 363, 364, 367, 368, 369, 370, 371, 376, 379, 387, 388, 389, 392, 403, 405, 406, 408, 409, 410, 411, 412, 413, 416, 424, 426, 427, 429, 430, 431, 440, 442, 445, 466, 467, 469, 475, 482, 485, 486, 487, 488, 493, 503, 504, 507, 518, 520, 530, 531, 533], "summary": {"covered_lines": 175, "num_statements": 177, "percent_covered": 97.58454106280193, "percent_covered_display": "98", "missing_lines": 2, "excluded_lines": 0, "num_branches": 30, "num_partial_branches": 3, "covered_branches": 27, "missing_branches": 3}, "missing_lines": [432, 433], "excluded_lines": [], "executed_branches": [[116, 117], [116, 118], [118, 119], [118, 120], [120, 121], [120, 122], [122, 123], [122, 125], [137, 138], [137, 140], [157, 158], [157, 161], [162, 163], [162, 168], [163, 164], [163, 166], [387, 388], [387, 389], [409, 410], [430, 431], [466, 467], [466, 469], [485, 486], [485, 487], [487, 488], [530, 531], [530, 533]], "missing_branches": [[409, 413], [430, -416], [487, -475]], "functions": {"Theme.__init__": {"executed_lines": [101, 102, 103, 104], "summary": {"covered_lines": 4, "num_statements": 4, "percent_covered": 100.0, "percent_covered_display": "100", "missing_lines": 0, "excluded_lines": 0, "num_branches": 0, "num_partial_branches": 0, "covered_branches": 0, "missing_branches": 0}, "missing_lines": [], "excluded_lines": [], "executed_branches": [], "missing_branches": []}, "Theme._load_color_scheme": {"executed_lines": [116, 117, 118, 119, 120, 121, 122, 123, 125], "summary": {"covered_lines": 9, "num_statements": 9, "percent_covered": 100.0, "percent_covered_display": "100", "missing_lines": 0, "excluded_lines": 0, "num_branches": 8, "num_partial_branches": 0, "covered_branches": 8, "missing_branches": 0}, "missing_lines": [], "excluded_lines": [], "executed_branches": [[116, 117], [116, 118], [118, 119], [118, 120], [120, 121], [120, 122], [122, 123], [122, 125]], "missing_branches": []}, "Theme._load_icons": {"executed_lines": [137, 138, 140], "summary": {"covered_lines": 3, "num_statements": 3, "percent_covered": 100.0, "percent_covered_display": "100", "missing_lines": 0, "excluded_lines": 0, "num_branches": 2, "num_partial_branches": 0, "covered_branches": 2, "missing_branches": 0}, "missing_lines": [], "excluded_lines": [], "executed_branches": [[137, 138], [137, 140]], "missing_branches": []}, "Theme.style": {"executed_lines": [156, 157, 158, 161, 162, 163, 164, 166, 168, 169, 170], "summary": {"covered_lines": 11, "num_statements": 11, "percent_covered": 100.0, "percent_covered_display": "100", "missing_lines": 0, "excluded_lines": 0, "num_branches": 6, "num_partial_branches": 0, "covered_branches": 6, "missing_branches": 0}, "missing_lines": [], "excluded_lines": [], "executed_branches": [[157, 158], [157, 161], [162, 163], [162, 168], [163, 164], [163, 166]], "missing_branches": []}, "Theme.format": {"executed_lines": [186, 187], "summary": {"covered_lines": 2, "num_statements": 2, "percent_covered": 100.0, "percent_covered_display": "100", "missing_lines": 0, "excluded_lines": 0, "num_branches": 0, "num_partial_branches": 0, "covered_branches": 0, "missing_branches": 0}, "missing_lines": [], "excluded_lines": [], "executed_branches": [], "missing_branches": []}, "Theme.is_minimal": {"executed_lines": [191], "summary": {"covered_lines": 1, "num_statements": 1, "percent_covered": 100.0, "percent_covered_display": "100", "missing_lines": 0, "excluded_lines": 0, "num_branches": 0, "num_partial_branches": 0, "covered_branches": 0, "missing_branches": 0}, "missing_lines": [], "excluded_lines": [], "executed_branches": [], "missing_branches": []}, "Theme.should_show_banners": {"executed_lines": [195], "summary": {"covered_lines": 1, "num_statements": 1, "percent_covered": 100.0, "percent_covered_display": "100", "missing_lines": 0, "excluded_lines": 0, "num_branches": 0, "num_partial_branches": 0, "covered_branches": 0, "missing_branches": 0}, "missing_lines": [], "excluded_lines": [], "executed_branches": [], "missing_branches": []}, "Theme.should_show_icons": {"executed_lines": [199], "summary": {"covered_lines": 1, "num_statements": 1, "percent_covered": 100.0, "percent_covered_display": "100", "missing_lines": 0, "excluded_lines": 0, "num_branches": 0, "num_partial_branches": 0, "covered_branches": 0, "missing_branches": 0}, "missing_lines": [], "excluded_lines": [], "executed_branches": [], "missing_branches": []}, "Theme.should_show_boxes": {"executed_lines": [203], "summary": {"covered_lines": 1, "num_statements": 1, "percent_covered": 100.0, "percent_covered_display": "100", "missing_lines": 0, "excluded_lines": 0, "num_branches": 0, "num_partial_branches": 0, "covered_branches": 0, "missing_branches": 0}, "missing_lines": [], "excluded_lines": [], "executed_branches": [], "missing_branches": []}, "Theme.get_component_style": {"executed_lines": [216, 218, 248], "summary": {"covered_lines": 3, "num_statements": 3, "percent_covered": 100.0, "percent_covered_display": "100", "missing_lines": 0, "excluded_lines": 0, "num_branches": 0, "num_partial_branches": 0, "covered_branches": 0, "missing_branches": 0}, "missing_lines": [], "excluded_lines": [], "executed_branches": [], "missing_branches": []}, "DarkColorScheme.__init__": {"executed_lines": [255], "summary": {"covered_lines": 1, "num_statements": 1, "percent_covered": 100.0, "percent_covered_display": "100", "missing_lines": 0, "excluded_lines": 0, "num_branches": 0, "num_partial_branches": 0, "covered_branches": 0, "missing_branches": 0}, "missing_lines": [], "excluded_lines": [], "executed_branches": [], "missing_branches": []}, "LightColorScheme.__init__": {"executed_lines": [271], "summary": {"covered_lines": 1, "num_statements": 1, "percent_covered": 100.0, "percent_covered_display": "100", "missing_lines": 0, "excluded_lines": 0, "num_branches": 0, "num_partial_branches": 0, "covered_branches": 0, "missing_branches": 0}, "missing_lines": [], "excluded_lines": [], "executed_branches": [], "missing_branches": []}, "MinimalColorScheme.__init__": {"executed_lines": [288], "summary": {"covered_lines": 1, "num_statements": 1, "percent_covered": 100.0, "percent_covered_display": "100", "missing_lines": 0, "excluded_lines": 0, "num_branches": 0, "num_partial_branches": 0, "covered_branches": 0, "missing_branches": 0}, "missing_lines": [], "excluded_lines": [], "executed_branches": [], "missing_branches": []}, "TerminalColorScheme.__init__": {"executed_lines": [316], "summary": {"covered_lines": 1, "num_statements": 1, "percent_covered": 100.0, "percent_covered_display": "100", "missing_lines": 0, "excluded_lines": 0, "num_branches": 0, "num_partial_branches": 0, "covered_branches": 0, "missing_branches": 0}, "missing_lines": [], "excluded_lines": [], "executed_branches": [], "missing_branches": []}, "get_theme": {"executed_lines": [387, 388, 389], "summary": {"covered_lines": 3, "num_statements": 3, "percent_covered": 100.0, "percent_covered_display": "100", "missing_lines": 0, "excluded_lines": 0, "num_branches": 2, "num_partial_branches": 0, "covered_branches": 2, "missing_branches": 0}, "missing_lines": [], "excluded_lines": [], "executed_branches": [[387, 388], [387, 389]], "missing_branches": []}, "set_theme": {"executed_lines": [403, 405, 406, 408, 409, 410, 411, 412, 413], "summary": {"covered_lines": 9, "num_statements": 9, "percent_covered": 90.9090909090909, "percent_covered_display": "91", "missing_lines": 0, "excluded_lines": 0, "num_branches": 2, "num_partial_branches": 1, "covered_branches": 1, "missing_branches": 1}, "missing_lines": [], "excluded_lines": [], "executed_branches": [[409, 410]], "missing_branches": [[409, 413]]}, "use_theme": {"executed_lines": [424, 426, 427, 429, 430, 431], "summary": {"covered_lines": 6, "num_statements": 8, "percent_covered": 70.0, "percent_covered_display": "70", "missing_lines": 2, "excluded_lines": 0, "num_branches": 2, "num_partial_branches": 1, "covered_branches": 1, "missing_branches": 1}, "missing_lines": [432, 433], "excluded_lines": [], "executed_branches": [[430, 431]], "missing_branches": [[430, -416]]}, "__getattr__": {"executed_lines": [442, 445, 466, 467, 469], "summary": {"covered_lines": 5, "num_statements": 5, "percent_covered": 100.0, "percent_covered_display": "100", "missing_lines": 0, "excluded_lines": 0, "num_branches": 2, "num_partial_branches": 0, "covered_branches": 2, "missing_branches": 0}, "missing_lines": [], "excluded_lines": [], "executed_branches": [[466, 467], [466, 469]], "missing_branches": []}, "apply_theme_to_output": {"executed_lines": [482, 485, 486, 487, 488], "summary": {"covered_lines": 5, "num_statements": 5, "percent_covered": 88.88888888888889, "percent_covered_display": "89", "missing_lines": 0, "excluded_lines": 0, "num_branches": 4, "num_partial_branches": 1, "covered_branches": 3, "missing_branches": 1}, "missing_lines": [], "excluded_lines": [], "executed_branches": [[485, 486], [485, 487], [487, 488]], "missing_branches": [[487, -475]]}, "get_style_for_level": {"executed_lines": [503, 504], "summary": {"covered_lines": 2, "num_statements": 2, "percent_covered": 100.0, "percent_covered_display": "100", "missing_lines": 0, "excluded_lines": 0, "num_branches": 0, "num_partial_branches": 0, "covered_branches": 0, "missing_branches": 0}, "missing_lines": [], "excluded_lines": [], "executed_branches": [], "missing_branches": []}, "format_with_theme": {"executed_lines": [518, 520, 530, 531, 533], "summary": {"covered_lines": 5, "num_statements": 5, "percent_covered": 100.0, "percent_covered_display": "100", "missing_lines": 0, "excluded_lines": 0, "num_branches": 2, "num_partial_branches": 0, "covered_branches": 2, "missing_branches": 0}, "missing_lines": [], "excluded_lines": [], "executed_branches": [[530, 531], [530, 533]], "missing_branches": []}, "": {"executed_lines": [2, 8, 10, 13, 14, 15, 18, 19, 20, 21, 22, 25, 26, 27, 28, 31, 32, 33, 36, 37, 38, 39, 42, 43, 44, 45, 48, 49, 50, 53, 54, 55, 58, 59, 60, 61, 62, 65, 66, 67, 70, 71, 72, 73, 74, 77, 78, 79, 82, 83, 84, 85, 86, 89, 90, 94, 106, 127, 142, 172, 189, 193, 197, 201, 205, 251, 252, 254, 267, 268, 270, 284, 285, 287, 312, 313, 315, 338, 339, 340, 343, 344, 345, 346, 347, 350, 351, 352, 355, 356, 357, 358, 359, 362, 363, 364, 367, 368, 369, 370, 371, 376, 379, 392, 416, 440, 475, 493, 507], "summary": {"covered_lines": 100, "num_statements": 100, "percent_covered": 100.0, "percent_covered_display": "100", "missing_lines": 0, "excluded_lines": 0, "num_branches": 0, "num_partial_branches": 0, "covered_branches": 0, "missing_branches": 0}, "missing_lines": [], "excluded_lines": [], "executed_branches": [], "missing_branches": []}}, "classes": {"ColorScheme": {"executed_lines": [], "summary": {"covered_lines": 0, "num_statements": 0, "percent_covered": 100.0, "percent_covered_display": "100", "missing_lines": 0, "excluded_lines": 0, "num_branches": 0, "num_partial_branches": 0, "covered_branches": 0, "missing_branches": 0}, "missing_lines": [], "excluded_lines": [], "executed_branches": [], "missing_branches": []}, "Icons": {"executed_lines": [], "summary": {"covered_lines": 0, "num_statements": 0, "percent_covered": 100.0, "percent_covered_display": "100", "missing_lines": 0, "excluded_lines": 0, "num_branches": 0, "num_partial_branches": 0, "covered_branches": 0, "missing_branches": 0}, "missing_lines": [], "excluded_lines": [], "executed_branches": [], "missing_branches": []}, "Theme": {"executed_lines": [101, 102, 103, 104, 116, 117, 118, 119, 120, 121, 122, 123, 125, 137, 138, 140, 156, 157, 158, 161, 162, 163, 164, 166, 168, 169, 170, 186, 187, 191, 195, 199, 203, 216, 218, 248], "summary": {"covered_lines": 36, "num_statements": 36, "percent_covered": 100.0, "percent_covered_display": "100", "missing_lines": 0, "excluded_lines": 0, "num_branches": 16, "num_partial_branches": 0, "covered_branches": 16, "missing_branches": 0}, "missing_lines": [], "excluded_lines": [], "executed_branches": [[116, 117], [116, 118], [118, 119], [118, 120], [120, 121], [120, 122], [122, 123], [122, 125], [137, 138], [137, 140], [157, 158], [157, 161], [162, 163], [162, 168], [163, 164], [163, 166]], "missing_branches": []}, "DarkColorScheme": {"executed_lines": [255], "summary": {"covered_lines": 1, "num_statements": 1, "percent_covered": 100.0, "percent_covered_display": "100", "missing_lines": 0, "excluded_lines": 0, "num_branches": 0, "num_partial_branches": 0, "covered_branches": 0, "missing_branches": 0}, "missing_lines": [], "excluded_lines": [], "executed_branches": [], "missing_branches": []}, "LightColorScheme": {"executed_lines": [271], "summary": {"covered_lines": 1, "num_statements": 1, "percent_covered": 100.0, "percent_covered_display": "100", "missing_lines": 0, "excluded_lines": 0, "num_branches": 0, "num_partial_branches": 0, "covered_branches": 0, "missing_branches": 0}, "missing_lines": [], "excluded_lines": [], "executed_branches": [], "missing_branches": []}, "MinimalColorScheme": {"executed_lines": [288], "summary": {"covered_lines": 1, "num_statements": 1, "percent_covered": 100.0, "percent_covered_display": "100", "missing_lines": 0, "excluded_lines": 0, "num_branches": 0, "num_partial_branches": 0, "covered_branches": 0, "missing_branches": 0}, "missing_lines": [], "excluded_lines": [], "executed_branches": [], "missing_branches": []}, "TerminalColorScheme": {"executed_lines": [316], "summary": {"covered_lines": 1, "num_statements": 1, "percent_covered": 100.0, "percent_covered_display": "100", "missing_lines": 0, "excluded_lines": 0, "num_branches": 0, "num_partial_branches": 0, "covered_branches": 0, "missing_branches": 0}, "missing_lines": [], "excluded_lines": [], "executed_branches": [], "missing_branches": []}, "MinimalIcons": {"executed_lines": [], "summary": {"covered_lines": 0, "num_statements": 0, "percent_covered": 100.0, "percent_covered_display": "100", "missing_lines": 0, "excluded_lines": 0, "num_branches": 0, "num_partial_branches": 0, "covered_branches": 0, "missing_branches": 0}, "missing_lines": [], "excluded_lines": [], "executed_branches": [], "missing_branches": []}, "": {"executed_lines": [2, 8, 10, 13, 14, 15, 18, 19, 20, 21, 22, 25, 26, 27, 28, 31, 32, 33, 36, 37, 38, 39, 42, 43, 44, 45, 48, 49, 50, 53, 54, 55, 58, 59, 60, 61, 62, 65, 66, 67, 70, 71, 72, 73, 74, 77, 78, 79, 82, 83, 84, 85, 86, 89, 90, 94, 106, 127, 142, 172, 189, 193, 197, 201, 205, 251, 252, 254, 267, 268, 270, 284, 285, 287, 312, 313, 315, 338, 339, 340, 343, 344, 345, 346, 347, 350, 351, 352, 355, 356, 357, 358, 359, 362, 363, 364, 367, 368, 369, 370, 371, 376, 379, 387, 388, 389, 392, 403, 405, 406, 408, 409, 410, 411, 412, 413, 416, 424, 426, 427, 429, 430, 431, 440, 442, 445, 466, 467, 469, 475, 482, 485, 486, 487, 488, 493, 503, 504, 507, 518, 520, 530, 531, 533], "summary": {"covered_lines": 135, "num_statements": 137, "percent_covered": 96.6887417218543, "percent_covered_display": "97", "missing_lines": 2, "excluded_lines": 0, "num_branches": 14, "num_partial_branches": 3, "covered_branches": 11, "missing_branches": 3}, "missing_lines": [432, 433], "excluded_lines": [], "executed_branches": [[387, 388], [387, 389], [409, 410], [430, 431], [466, 467], [466, 469], [485, 486], [485, 487], [487, 488], [530, 531], [530, 533]], "missing_branches": [[409, 413], [430, -416], [487, -475]]}}}}, "totals": {"covered_lines": 1933, "num_statements": 2163, "percent_covered": 86.53784219001611, "percent_covered_display": "87", "missing_lines": 230, "excluded_lines": 4, "num_branches": 942, "num_partial_branches": 112, "covered_branches": 754, "missing_branches": 188}}